ARM GAS  /var/folders/j2/07tr89tn2r16dm4cxglllf3h0000gn/T//ccz8jKPJ.s 			page 1


   1              		.cpu cortex-m0plus
   2              		.eabi_attribute 20, 1
   3              		.eabi_attribute 21, 1
   4              		.eabi_attribute 23, 3
   5              		.eabi_attribute 24, 1
   6              		.eabi_attribute 25, 1
   7              		.eabi_attribute 26, 1
   8              		.eabi_attribute 30, 1
   9              		.eabi_attribute 34, 0
  10              		.eabi_attribute 18, 4
  11              		.file	"stm32g0xx_hal_tim.c"
  12              		.text
  13              	.Ltext0:
  14              		.cfi_sections	.debug_frame
  15              	.Letext0:
  16              		.file 1 "/usr/local/Cellar/arm-none-eabi-gcc/9-2019-q4-major/gcc/arm-none-eabi/include/machine/_de
  17              		.file 2 "/usr/local/Cellar/arm-none-eabi-gcc/9-2019-q4-major/gcc/arm-none-eabi/include/sys/_stdint
  18              		.file 3 "Drivers/CMSIS/Device/ST/STM32G0xx/Include/system_stm32g0xx.h"
  19              		.file 4 "Drivers/STM32G0xx_HAL_Driver/Inc/stm32g0xx_hal_def.h"
  20              		.file 5 "Drivers/STM32G0xx_HAL_Driver/Inc/stm32g0xx_hal_flash.h"
  21              		.file 6 "Drivers/STM32G0xx_HAL_Driver/Inc/stm32g0xx_hal.h"
ARM GAS  /var/folders/j2/07tr89tn2r16dm4cxglllf3h0000gn/T//ccz8jKPJ.s 			page 2


DEFINED SYMBOLS
                            *ABS*:0000000000000000 stm32g0xx_hal_tim.c

NO UNDEFINED SYMBOLS
