ARM GAS  /var/folders/cw/6cmm0b_n7yj10n1wx8hfx52r0000gn/T//ccwHEph0.s 			page 1


   1              		.cpu cortex-m0plus
   2              		.arch armv6s-m
   3              		.fpu softvfp
   4              		.eabi_attribute 20, 1
   5              		.eabi_attribute 21, 1
   6              		.eabi_attribute 23, 3
   7              		.eabi_attribute 24, 1
   8              		.eabi_attribute 25, 1
   9              		.eabi_attribute 26, 1
  10              		.eabi_attribute 30, 1
  11              		.eabi_attribute 34, 0
  12              		.eabi_attribute 18, 4
  13              		.file	"stm32g0xx_hal_dma_ex.c"
  14              		.text
  15              	.Ltext0:
  16              		.cfi_sections	.debug_frame
  17              		.file 1 "Drivers/STM32G0xx_HAL_Driver/Src/stm32g0xx_hal_dma_ex.c"
  18              		.section	.text.HAL_DMAEx_ConfigMuxSync,"ax",%progbits
  19              		.align	1
  20              		.global	HAL_DMAEx_ConfigMuxSync
  21              		.syntax unified
  22              		.code	16
  23              		.thumb_func
  25              	HAL_DMAEx_ConfigMuxSync:
  26              	.LVL0:
  27              	.LFB158:
   1:Drivers/STM32G0xx_HAL_Driver/Src/stm32g0xx_hal_dma_ex.c **** /**
   2:Drivers/STM32G0xx_HAL_Driver/Src/stm32g0xx_hal_dma_ex.c ****   ******************************************************************************
   3:Drivers/STM32G0xx_HAL_Driver/Src/stm32g0xx_hal_dma_ex.c ****   * @file    stm32g0xx_hal_dma_ex.c
   4:Drivers/STM32G0xx_HAL_Driver/Src/stm32g0xx_hal_dma_ex.c ****   * @author  MCD Application Team
   5:Drivers/STM32G0xx_HAL_Driver/Src/stm32g0xx_hal_dma_ex.c ****   * @brief   DMA Extension HAL module driver
   6:Drivers/STM32G0xx_HAL_Driver/Src/stm32g0xx_hal_dma_ex.c ****   *         This file provides firmware functions to manage the following
   7:Drivers/STM32G0xx_HAL_Driver/Src/stm32g0xx_hal_dma_ex.c ****   *         functionalities of the DMA Extension peripheral:
   8:Drivers/STM32G0xx_HAL_Driver/Src/stm32g0xx_hal_dma_ex.c ****   *           + Extended features functions
   9:Drivers/STM32G0xx_HAL_Driver/Src/stm32g0xx_hal_dma_ex.c ****   *
  10:Drivers/STM32G0xx_HAL_Driver/Src/stm32g0xx_hal_dma_ex.c ****   @verbatim
  11:Drivers/STM32G0xx_HAL_Driver/Src/stm32g0xx_hal_dma_ex.c ****   ==============================================================================
  12:Drivers/STM32G0xx_HAL_Driver/Src/stm32g0xx_hal_dma_ex.c ****                         ##### How to use this driver #####
  13:Drivers/STM32G0xx_HAL_Driver/Src/stm32g0xx_hal_dma_ex.c ****   ==============================================================================
  14:Drivers/STM32G0xx_HAL_Driver/Src/stm32g0xx_hal_dma_ex.c ****   [..]
  15:Drivers/STM32G0xx_HAL_Driver/Src/stm32g0xx_hal_dma_ex.c ****   The DMA Extension HAL driver can be used as follows:
  16:Drivers/STM32G0xx_HAL_Driver/Src/stm32g0xx_hal_dma_ex.c **** 
  17:Drivers/STM32G0xx_HAL_Driver/Src/stm32g0xx_hal_dma_ex.c ****    (+) Configure the DMA_MUX Synchronization Block using HAL_DMAEx_ConfigMuxSync function.
  18:Drivers/STM32G0xx_HAL_Driver/Src/stm32g0xx_hal_dma_ex.c ****    (+) Configure the DMA_MUX Request Generator Block using HAL_DMAEx_ConfigMuxRequestGenerator func
  19:Drivers/STM32G0xx_HAL_Driver/Src/stm32g0xx_hal_dma_ex.c ****        Functions HAL_DMAEx_EnableMuxRequestGenerator and HAL_DMAEx_DisableMuxRequestGenerator can t
  20:Drivers/STM32G0xx_HAL_Driver/Src/stm32g0xx_hal_dma_ex.c ****        to respectively enable/disable the request generator.
  21:Drivers/STM32G0xx_HAL_Driver/Src/stm32g0xx_hal_dma_ex.c **** 
  22:Drivers/STM32G0xx_HAL_Driver/Src/stm32g0xx_hal_dma_ex.c ****    (+) To handle the DMAMUX Interrupts, the function  HAL_DMAEx_MUX_IRQHandler should be called fro
  23:Drivers/STM32G0xx_HAL_Driver/Src/stm32g0xx_hal_dma_ex.c ****        the DMAMUX IRQ handler i.e DMAMUX1_OVR_IRQHandler.
  24:Drivers/STM32G0xx_HAL_Driver/Src/stm32g0xx_hal_dma_ex.c ****        As only one interrupt line is available for all DMAMUX channels and request generators , HAL
  25:Drivers/STM32G0xx_HAL_Driver/Src/stm32g0xx_hal_dma_ex.c ****        called with, as parameter, the appropriate DMA handle as many as used DMAs in the user proje
  26:Drivers/STM32G0xx_HAL_Driver/Src/stm32g0xx_hal_dma_ex.c ****       (exception done if a given DMA is not using the DMAMUX SYNC block neither a request generator
  27:Drivers/STM32G0xx_HAL_Driver/Src/stm32g0xx_hal_dma_ex.c **** 
  28:Drivers/STM32G0xx_HAL_Driver/Src/stm32g0xx_hal_dma_ex.c ****   @endverbatim
  29:Drivers/STM32G0xx_HAL_Driver/Src/stm32g0xx_hal_dma_ex.c ****   ******************************************************************************
  30:Drivers/STM32G0xx_HAL_Driver/Src/stm32g0xx_hal_dma_ex.c ****   * @attention
  31:Drivers/STM32G0xx_HAL_Driver/Src/stm32g0xx_hal_dma_ex.c ****   *
ARM GAS  /var/folders/cw/6cmm0b_n7yj10n1wx8hfx52r0000gn/T//ccwHEph0.s 			page 2


  32:Drivers/STM32G0xx_HAL_Driver/Src/stm32g0xx_hal_dma_ex.c ****   * <h2><center>&copy; Copyright (c) 2018 STMicroelectronics. 
  33:Drivers/STM32G0xx_HAL_Driver/Src/stm32g0xx_hal_dma_ex.c ****   * All rights reserved.</center></h2>
  34:Drivers/STM32G0xx_HAL_Driver/Src/stm32g0xx_hal_dma_ex.c ****   *
  35:Drivers/STM32G0xx_HAL_Driver/Src/stm32g0xx_hal_dma_ex.c ****   * This software component is licensed by ST under BSD 3-Clause license,
  36:Drivers/STM32G0xx_HAL_Driver/Src/stm32g0xx_hal_dma_ex.c ****   * the "License"; You may not use this file except in compliance with the 
  37:Drivers/STM32G0xx_HAL_Driver/Src/stm32g0xx_hal_dma_ex.c ****   * License. You may obtain a copy of the License at:
  38:Drivers/STM32G0xx_HAL_Driver/Src/stm32g0xx_hal_dma_ex.c ****   *                        opensource.org/licenses/BSD-3-Clause
  39:Drivers/STM32G0xx_HAL_Driver/Src/stm32g0xx_hal_dma_ex.c ****   *
  40:Drivers/STM32G0xx_HAL_Driver/Src/stm32g0xx_hal_dma_ex.c ****   ******************************************************************************
  41:Drivers/STM32G0xx_HAL_Driver/Src/stm32g0xx_hal_dma_ex.c ****   */
  42:Drivers/STM32G0xx_HAL_Driver/Src/stm32g0xx_hal_dma_ex.c **** 
  43:Drivers/STM32G0xx_HAL_Driver/Src/stm32g0xx_hal_dma_ex.c **** /* Includes ------------------------------------------------------------------*/
  44:Drivers/STM32G0xx_HAL_Driver/Src/stm32g0xx_hal_dma_ex.c **** #include "stm32g0xx_hal.h"
  45:Drivers/STM32G0xx_HAL_Driver/Src/stm32g0xx_hal_dma_ex.c **** 
  46:Drivers/STM32G0xx_HAL_Driver/Src/stm32g0xx_hal_dma_ex.c **** /** @addtogroup STM32G0xx_HAL_Driver
  47:Drivers/STM32G0xx_HAL_Driver/Src/stm32g0xx_hal_dma_ex.c ****   * @{
  48:Drivers/STM32G0xx_HAL_Driver/Src/stm32g0xx_hal_dma_ex.c ****   */
  49:Drivers/STM32G0xx_HAL_Driver/Src/stm32g0xx_hal_dma_ex.c **** 
  50:Drivers/STM32G0xx_HAL_Driver/Src/stm32g0xx_hal_dma_ex.c **** /** @defgroup DMAEx DMAEx
  51:Drivers/STM32G0xx_HAL_Driver/Src/stm32g0xx_hal_dma_ex.c ****   * @brief DMA Extended HAL module driver
  52:Drivers/STM32G0xx_HAL_Driver/Src/stm32g0xx_hal_dma_ex.c ****   * @{
  53:Drivers/STM32G0xx_HAL_Driver/Src/stm32g0xx_hal_dma_ex.c ****   */
  54:Drivers/STM32G0xx_HAL_Driver/Src/stm32g0xx_hal_dma_ex.c **** 
  55:Drivers/STM32G0xx_HAL_Driver/Src/stm32g0xx_hal_dma_ex.c **** #ifdef HAL_DMA_MODULE_ENABLED
  56:Drivers/STM32G0xx_HAL_Driver/Src/stm32g0xx_hal_dma_ex.c **** 
  57:Drivers/STM32G0xx_HAL_Driver/Src/stm32g0xx_hal_dma_ex.c **** /* Private typedef -----------------------------------------------------------*/
  58:Drivers/STM32G0xx_HAL_Driver/Src/stm32g0xx_hal_dma_ex.c **** /* Private define ------------------------------------------------------------*/
  59:Drivers/STM32G0xx_HAL_Driver/Src/stm32g0xx_hal_dma_ex.c **** /* Private macro -------------------------------------------------------------*/
  60:Drivers/STM32G0xx_HAL_Driver/Src/stm32g0xx_hal_dma_ex.c **** /* Private variables ---------------------------------------------------------*/
  61:Drivers/STM32G0xx_HAL_Driver/Src/stm32g0xx_hal_dma_ex.c **** /* Private Constants ---------------------------------------------------------*/
  62:Drivers/STM32G0xx_HAL_Driver/Src/stm32g0xx_hal_dma_ex.c **** /* Private function prototypes -----------------------------------------------*/
  63:Drivers/STM32G0xx_HAL_Driver/Src/stm32g0xx_hal_dma_ex.c **** /* Private functions ---------------------------------------------------------*/
  64:Drivers/STM32G0xx_HAL_Driver/Src/stm32g0xx_hal_dma_ex.c **** 
  65:Drivers/STM32G0xx_HAL_Driver/Src/stm32g0xx_hal_dma_ex.c **** 
  66:Drivers/STM32G0xx_HAL_Driver/Src/stm32g0xx_hal_dma_ex.c **** /** @defgroup DMAEx_Exported_Functions DMAEx Exported Functions
  67:Drivers/STM32G0xx_HAL_Driver/Src/stm32g0xx_hal_dma_ex.c ****   * @{
  68:Drivers/STM32G0xx_HAL_Driver/Src/stm32g0xx_hal_dma_ex.c ****   */
  69:Drivers/STM32G0xx_HAL_Driver/Src/stm32g0xx_hal_dma_ex.c **** 
  70:Drivers/STM32G0xx_HAL_Driver/Src/stm32g0xx_hal_dma_ex.c **** /** @defgroup DMAEx_Exported_Functions_Group1 DMAEx Extended features functions
  71:Drivers/STM32G0xx_HAL_Driver/Src/stm32g0xx_hal_dma_ex.c ****  *  @brief   Extended features functions
  72:Drivers/STM32G0xx_HAL_Driver/Src/stm32g0xx_hal_dma_ex.c ****  *
  73:Drivers/STM32G0xx_HAL_Driver/Src/stm32g0xx_hal_dma_ex.c **** @verbatim
  74:Drivers/STM32G0xx_HAL_Driver/Src/stm32g0xx_hal_dma_ex.c ****  ===============================================================================
  75:Drivers/STM32G0xx_HAL_Driver/Src/stm32g0xx_hal_dma_ex.c ****                 #####  Extended features functions  #####
  76:Drivers/STM32G0xx_HAL_Driver/Src/stm32g0xx_hal_dma_ex.c ****  ===============================================================================
  77:Drivers/STM32G0xx_HAL_Driver/Src/stm32g0xx_hal_dma_ex.c ****     [..]  This section provides functions allowing to:
  78:Drivers/STM32G0xx_HAL_Driver/Src/stm32g0xx_hal_dma_ex.c **** 
  79:Drivers/STM32G0xx_HAL_Driver/Src/stm32g0xx_hal_dma_ex.c ****     (+) Configure the DMA_MUX Synchronization Block using HAL_DMAEx_ConfigMuxSync function.
  80:Drivers/STM32G0xx_HAL_Driver/Src/stm32g0xx_hal_dma_ex.c ****     (+) Configure the DMA_MUX Request Generator Block using HAL_DMAEx_ConfigMuxRequestGenerator fun
  81:Drivers/STM32G0xx_HAL_Driver/Src/stm32g0xx_hal_dma_ex.c ****        Functions HAL_DMAEx_EnableMuxRequestGenerator and HAL_DMAEx_DisableMuxRequestGenerator can t
  82:Drivers/STM32G0xx_HAL_Driver/Src/stm32g0xx_hal_dma_ex.c ****        to respectively enable/disable the request generator.
  83:Drivers/STM32G0xx_HAL_Driver/Src/stm32g0xx_hal_dma_ex.c **** 
  84:Drivers/STM32G0xx_HAL_Driver/Src/stm32g0xx_hal_dma_ex.c **** @endverbatim
  85:Drivers/STM32G0xx_HAL_Driver/Src/stm32g0xx_hal_dma_ex.c ****   * @{
  86:Drivers/STM32G0xx_HAL_Driver/Src/stm32g0xx_hal_dma_ex.c ****   */
  87:Drivers/STM32G0xx_HAL_Driver/Src/stm32g0xx_hal_dma_ex.c **** 
  88:Drivers/STM32G0xx_HAL_Driver/Src/stm32g0xx_hal_dma_ex.c **** /**
ARM GAS  /var/folders/cw/6cmm0b_n7yj10n1wx8hfx52r0000gn/T//ccwHEph0.s 			page 3


  89:Drivers/STM32G0xx_HAL_Driver/Src/stm32g0xx_hal_dma_ex.c ****   * @brief  Configure the DMAMUX synchronization parameters for a given DMA channel (instance).
  90:Drivers/STM32G0xx_HAL_Driver/Src/stm32g0xx_hal_dma_ex.c ****   * @param  hdma Pointer to a DMA_HandleTypeDef structure that contains
  91:Drivers/STM32G0xx_HAL_Driver/Src/stm32g0xx_hal_dma_ex.c ****   *                     the configuration information for the specified DMA channel.
  92:Drivers/STM32G0xx_HAL_Driver/Src/stm32g0xx_hal_dma_ex.c ****   * @param  pSyncConfig Pointer to HAL_DMA_MuxSyncConfigTypeDef : contains the DMAMUX synchronizati
  93:Drivers/STM32G0xx_HAL_Driver/Src/stm32g0xx_hal_dma_ex.c ****   * @retval HAL status
  94:Drivers/STM32G0xx_HAL_Driver/Src/stm32g0xx_hal_dma_ex.c ****   */
  95:Drivers/STM32G0xx_HAL_Driver/Src/stm32g0xx_hal_dma_ex.c **** HAL_StatusTypeDef HAL_DMAEx_ConfigMuxSync(DMA_HandleTypeDef *hdma, HAL_DMA_MuxSyncConfigTypeDef *pS
  96:Drivers/STM32G0xx_HAL_Driver/Src/stm32g0xx_hal_dma_ex.c **** {
  28              		.loc 1 96 1 view -0
  29              		.cfi_startproc
  30              		@ args = 0, pretend = 0, frame = 0
  31              		@ frame_needed = 0, uses_anonymous_args = 0
  32              		.loc 1 96 1 is_stmt 0 view .LVU1
  33 0000 70B5     		push	{r4, r5, r6, lr}
  34              	.LCFI0:
  35              		.cfi_def_cfa_offset 16
  36              		.cfi_offset 4, -16
  37              		.cfi_offset 5, -12
  38              		.cfi_offset 6, -8
  39              		.cfi_offset 14, -4
  97:Drivers/STM32G0xx_HAL_Driver/Src/stm32g0xx_hal_dma_ex.c ****   /* Check the parameters */
  98:Drivers/STM32G0xx_HAL_Driver/Src/stm32g0xx_hal_dma_ex.c ****   assert_param(IS_DMA_ALL_INSTANCE(hdma->Instance));
  40              		.loc 1 98 3 is_stmt 1 view .LVU2
  99:Drivers/STM32G0xx_HAL_Driver/Src/stm32g0xx_hal_dma_ex.c **** 
 100:Drivers/STM32G0xx_HAL_Driver/Src/stm32g0xx_hal_dma_ex.c ****   assert_param(IS_DMAMUX_SYNC_SIGNAL_ID(pSyncConfig->SyncSignalID));
  41              		.loc 1 100 3 view .LVU3
 101:Drivers/STM32G0xx_HAL_Driver/Src/stm32g0xx_hal_dma_ex.c **** 
 102:Drivers/STM32G0xx_HAL_Driver/Src/stm32g0xx_hal_dma_ex.c ****   assert_param(IS_DMAMUX_SYNC_POLARITY(pSyncConfig-> SyncPolarity));
  42              		.loc 1 102 3 view .LVU4
 103:Drivers/STM32G0xx_HAL_Driver/Src/stm32g0xx_hal_dma_ex.c ****   assert_param(IS_DMAMUX_SYNC_STATE(pSyncConfig->SyncEnable));
  43              		.loc 1 103 3 view .LVU5
 104:Drivers/STM32G0xx_HAL_Driver/Src/stm32g0xx_hal_dma_ex.c ****   assert_param(IS_DMAMUX_SYNC_EVENT(pSyncConfig->EventEnable));
  44              		.loc 1 104 3 view .LVU6
 105:Drivers/STM32G0xx_HAL_Driver/Src/stm32g0xx_hal_dma_ex.c ****   assert_param(IS_DMAMUX_SYNC_REQUEST_NUMBER(pSyncConfig->RequestNumber));
  45              		.loc 1 105 3 view .LVU7
 106:Drivers/STM32G0xx_HAL_Driver/Src/stm32g0xx_hal_dma_ex.c **** 
 107:Drivers/STM32G0xx_HAL_Driver/Src/stm32g0xx_hal_dma_ex.c ****   /*Check if the DMA state is ready */
 108:Drivers/STM32G0xx_HAL_Driver/Src/stm32g0xx_hal_dma_ex.c ****   if (hdma->State == HAL_DMA_STATE_READY)
  46              		.loc 1 108 3 view .LVU8
  47              		.loc 1 108 11 is_stmt 0 view .LVU9
  48 0002 2523     		movs	r3, #37
  49 0004 C35C     		ldrb	r3, [r0, r3]
  50              		.loc 1 108 6 view .LVU10
  51 0006 012B     		cmp	r3, #1
  52 0008 1ED1     		bne	.L3
 109:Drivers/STM32G0xx_HAL_Driver/Src/stm32g0xx_hal_dma_ex.c ****   {
 110:Drivers/STM32G0xx_HAL_Driver/Src/stm32g0xx_hal_dma_ex.c ****     /* Process Locked */
 111:Drivers/STM32G0xx_HAL_Driver/Src/stm32g0xx_hal_dma_ex.c ****     __HAL_LOCK(hdma);
  53              		.loc 1 111 5 is_stmt 1 view .LVU11
  54              		.loc 1 111 5 view .LVU12
  55 000a 2333     		adds	r3, r3, #35
  56 000c C35C     		ldrb	r3, [r0, r3]
  57 000e 012B     		cmp	r3, #1
  58 0010 1CD0     		beq	.L4
  59              		.loc 1 111 5 discriminator 2 view .LVU13
  60 0012 2425     		movs	r5, #36
  61 0014 0123     		movs	r3, #1
ARM GAS  /var/folders/cw/6cmm0b_n7yj10n1wx8hfx52r0000gn/T//ccwHEph0.s 			page 4


  62 0016 4355     		strb	r3, [r0, r5]
  63              		.loc 1 111 5 discriminator 2 view .LVU14
 112:Drivers/STM32G0xx_HAL_Driver/Src/stm32g0xx_hal_dma_ex.c **** 
 113:Drivers/STM32G0xx_HAL_Driver/Src/stm32g0xx_hal_dma_ex.c ****     /* Set the new synchronization parameters (and keep the request ID filled during the Init)*/
 114:Drivers/STM32G0xx_HAL_Driver/Src/stm32g0xx_hal_dma_ex.c ****     MODIFY_REG(hdma->DMAmuxChannel->CCR, \
  64              		.loc 1 114 5 discriminator 2 view .LVU15
  65 0018 466C     		ldr	r6, [r0, #68]
  66 001a 3368     		ldr	r3, [r6]
  67 001c FF22     		movs	r2, #255
  68 001e 1A40     		ands	r2, r3
  69 0020 0B68     		ldr	r3, [r1]
  70 0022 1B06     		lsls	r3, r3, #24
  71 0024 CC68     		ldr	r4, [r1, #12]
  72 0026 013C     		subs	r4, r4, #1
  73 0028 E404     		lsls	r4, r4, #19
  74 002a 2343     		orrs	r3, r4
  75 002c 4C68     		ldr	r4, [r1, #4]
  76 002e 2343     		orrs	r3, r4
  77 0030 0C7A     		ldrb	r4, [r1, #8]
  78 0032 2404     		lsls	r4, r4, #16
  79 0034 2343     		orrs	r3, r4
  80 0036 497A     		ldrb	r1, [r1, #9]
  81              	.LVL1:
  82              		.loc 1 114 5 is_stmt 0 discriminator 2 view .LVU16
  83 0038 4902     		lsls	r1, r1, #9
  84 003a 0B43     		orrs	r3, r1
  85 003c 1A43     		orrs	r2, r3
  86 003e 3260     		str	r2, [r6]
 115:Drivers/STM32G0xx_HAL_Driver/Src/stm32g0xx_hal_dma_ex.c ****                (~DMAMUX_CxCR_DMAREQ_ID), \
 116:Drivers/STM32G0xx_HAL_Driver/Src/stm32g0xx_hal_dma_ex.c ****                ((pSyncConfig->SyncSignalID) << DMAMUX_CxCR_SYNC_ID_Pos) | ((pSyncConfig->RequestNum
 117:Drivers/STM32G0xx_HAL_Driver/Src/stm32g0xx_hal_dma_ex.c ****                pSyncConfig->SyncPolarity | ((uint32_t)pSyncConfig->SyncEnable << DMAMUX_CxCR_SE_Pos
 118:Drivers/STM32G0xx_HAL_Driver/Src/stm32g0xx_hal_dma_ex.c ****                ((uint32_t)pSyncConfig->EventEnable << DMAMUX_CxCR_EGE_Pos));
 119:Drivers/STM32G0xx_HAL_Driver/Src/stm32g0xx_hal_dma_ex.c **** 
 120:Drivers/STM32G0xx_HAL_Driver/Src/stm32g0xx_hal_dma_ex.c ****     /* Process UnLocked */
 121:Drivers/STM32G0xx_HAL_Driver/Src/stm32g0xx_hal_dma_ex.c ****     __HAL_UNLOCK(hdma);
  87              		.loc 1 121 5 is_stmt 1 discriminator 2 view .LVU17
  88              		.loc 1 121 5 discriminator 2 view .LVU18
  89 0040 0023     		movs	r3, #0
  90 0042 4355     		strb	r3, [r0, r5]
  91              		.loc 1 121 5 discriminator 2 view .LVU19
 122:Drivers/STM32G0xx_HAL_Driver/Src/stm32g0xx_hal_dma_ex.c **** 
 123:Drivers/STM32G0xx_HAL_Driver/Src/stm32g0xx_hal_dma_ex.c ****     return HAL_OK;
  92              		.loc 1 123 5 discriminator 2 view .LVU20
  93              		.loc 1 123 12 is_stmt 0 discriminator 2 view .LVU21
  94 0044 0020     		movs	r0, #0
  95              	.LVL2:
  96              		.loc 1 123 12 discriminator 2 view .LVU22
  97 0046 00E0     		b	.L2
  98              	.LVL3:
  99              	.L3:
 124:Drivers/STM32G0xx_HAL_Driver/Src/stm32g0xx_hal_dma_ex.c ****   }
 125:Drivers/STM32G0xx_HAL_Driver/Src/stm32g0xx_hal_dma_ex.c ****   else
 126:Drivers/STM32G0xx_HAL_Driver/Src/stm32g0xx_hal_dma_ex.c ****   {
 127:Drivers/STM32G0xx_HAL_Driver/Src/stm32g0xx_hal_dma_ex.c ****     /*DMA State not Ready*/
 128:Drivers/STM32G0xx_HAL_Driver/Src/stm32g0xx_hal_dma_ex.c ****     return HAL_ERROR;
 100              		.loc 1 128 12 view .LVU23
 101 0048 0120     		movs	r0, #1
ARM GAS  /var/folders/cw/6cmm0b_n7yj10n1wx8hfx52r0000gn/T//ccwHEph0.s 			page 5


 102              	.LVL4:
 103              	.L2:
 129:Drivers/STM32G0xx_HAL_Driver/Src/stm32g0xx_hal_dma_ex.c ****   }
 130:Drivers/STM32G0xx_HAL_Driver/Src/stm32g0xx_hal_dma_ex.c **** }
 104              		.loc 1 130 1 view .LVU24
 105              		@ sp needed
 106 004a 70BD     		pop	{r4, r5, r6, pc}
 107              	.LVL5:
 108              	.L4:
 111:Drivers/STM32G0xx_HAL_Driver/Src/stm32g0xx_hal_dma_ex.c **** 
 109              		.loc 1 111 5 view .LVU25
 110 004c 0220     		movs	r0, #2
 111              	.LVL6:
 111:Drivers/STM32G0xx_HAL_Driver/Src/stm32g0xx_hal_dma_ex.c **** 
 112              		.loc 1 111 5 view .LVU26
 113 004e FCE7     		b	.L2
 114              		.cfi_endproc
 115              	.LFE158:
 117              		.section	.text.HAL_DMAEx_ConfigMuxRequestGenerator,"ax",%progbits
 118              		.align	1
 119              		.global	HAL_DMAEx_ConfigMuxRequestGenerator
 120              		.syntax unified
 121              		.code	16
 122              		.thumb_func
 124              	HAL_DMAEx_ConfigMuxRequestGenerator:
 125              	.LVL7:
 126              	.LFB159:
 131:Drivers/STM32G0xx_HAL_Driver/Src/stm32g0xx_hal_dma_ex.c **** 
 132:Drivers/STM32G0xx_HAL_Driver/Src/stm32g0xx_hal_dma_ex.c **** /**
 133:Drivers/STM32G0xx_HAL_Driver/Src/stm32g0xx_hal_dma_ex.c ****   * @brief  Configure the DMAMUX request generator block used by the given DMA channel (instance).
 134:Drivers/STM32G0xx_HAL_Driver/Src/stm32g0xx_hal_dma_ex.c ****   * @param  hdma Pointer to a DMA_HandleTypeDef structure that contains
 135:Drivers/STM32G0xx_HAL_Driver/Src/stm32g0xx_hal_dma_ex.c ****   *                     the configuration information for the specified DMA channel.
 136:Drivers/STM32G0xx_HAL_Driver/Src/stm32g0xx_hal_dma_ex.c **** * @param  pRequestGeneratorConfig Pointer to HAL_DMA_MuxRequestGeneratorConfigTypeDef :
 137:Drivers/STM32G0xx_HAL_Driver/Src/stm32g0xx_hal_dma_ex.c ****   *         contains the request generator parameters.
 138:Drivers/STM32G0xx_HAL_Driver/Src/stm32g0xx_hal_dma_ex.c ****   *
 139:Drivers/STM32G0xx_HAL_Driver/Src/stm32g0xx_hal_dma_ex.c ****   * @retval HAL status
 140:Drivers/STM32G0xx_HAL_Driver/Src/stm32g0xx_hal_dma_ex.c ****   */
 141:Drivers/STM32G0xx_HAL_Driver/Src/stm32g0xx_hal_dma_ex.c **** HAL_StatusTypeDef HAL_DMAEx_ConfigMuxRequestGenerator(DMA_HandleTypeDef *hdma, HAL_DMA_MuxRequestGe
 142:Drivers/STM32G0xx_HAL_Driver/Src/stm32g0xx_hal_dma_ex.c **** {
 127              		.loc 1 142 1 is_stmt 1 view -0
 128              		.cfi_startproc
 129              		@ args = 0, pretend = 0, frame = 0
 130              		@ frame_needed = 0, uses_anonymous_args = 0
 131              		.loc 1 142 1 is_stmt 0 view .LVU28
 132 0000 30B5     		push	{r4, r5, lr}
 133              	.LCFI1:
 134              		.cfi_def_cfa_offset 12
 135              		.cfi_offset 4, -12
 136              		.cfi_offset 5, -8
 137              		.cfi_offset 14, -4
 138 0002 0300     		movs	r3, r0
 143:Drivers/STM32G0xx_HAL_Driver/Src/stm32g0xx_hal_dma_ex.c ****   /* Check the parameters */
 144:Drivers/STM32G0xx_HAL_Driver/Src/stm32g0xx_hal_dma_ex.c ****   assert_param(IS_DMA_ALL_INSTANCE(hdma->Instance));
 139              		.loc 1 144 3 is_stmt 1 view .LVU29
 145:Drivers/STM32G0xx_HAL_Driver/Src/stm32g0xx_hal_dma_ex.c **** 
 146:Drivers/STM32G0xx_HAL_Driver/Src/stm32g0xx_hal_dma_ex.c ****   assert_param(IS_DMAMUX_REQUEST_GEN_SIGNAL_ID(pRequestGeneratorConfig->SignalID));
 140              		.loc 1 146 3 view .LVU30
ARM GAS  /var/folders/cw/6cmm0b_n7yj10n1wx8hfx52r0000gn/T//ccwHEph0.s 			page 6


 147:Drivers/STM32G0xx_HAL_Driver/Src/stm32g0xx_hal_dma_ex.c **** 
 148:Drivers/STM32G0xx_HAL_Driver/Src/stm32g0xx_hal_dma_ex.c ****   assert_param(IS_DMAMUX_REQUEST_GEN_POLARITY(pRequestGeneratorConfig->Polarity));
 141              		.loc 1 148 3 view .LVU31
 149:Drivers/STM32G0xx_HAL_Driver/Src/stm32g0xx_hal_dma_ex.c ****   assert_param(IS_DMAMUX_REQUEST_GEN_REQUEST_NUMBER(pRequestGeneratorConfig->RequestNumber));
 142              		.loc 1 149 3 view .LVU32
 150:Drivers/STM32G0xx_HAL_Driver/Src/stm32g0xx_hal_dma_ex.c **** 
 151:Drivers/STM32G0xx_HAL_Driver/Src/stm32g0xx_hal_dma_ex.c ****   /* check if the DMA state is ready
 152:Drivers/STM32G0xx_HAL_Driver/Src/stm32g0xx_hal_dma_ex.c ****      and DMA is using a DMAMUX request generator block
 153:Drivers/STM32G0xx_HAL_Driver/Src/stm32g0xx_hal_dma_ex.c ****   */
 154:Drivers/STM32G0xx_HAL_Driver/Src/stm32g0xx_hal_dma_ex.c ****   if ((hdma->State == HAL_DMA_STATE_READY) && (hdma->DMAmuxRequestGen != 0U))
 143              		.loc 1 154 3 view .LVU33
 144              		.loc 1 154 12 is_stmt 0 view .LVU34
 145 0004 2522     		movs	r2, #37
 146 0006 825C     		ldrb	r2, [r0, r2]
 147 0008 D0B2     		uxtb	r0, r2
 148              	.LVL8:
 149              		.loc 1 154 6 view .LVU35
 150 000a 012A     		cmp	r2, #1
 151 000c 15D1     		bne	.L7
 152              		.loc 1 154 52 discriminator 1 view .LVU36
 153 000e 1C6D     		ldr	r4, [r3, #80]
 154              		.loc 1 154 44 discriminator 1 view .LVU37
 155 0010 002C     		cmp	r4, #0
 156 0012 13D0     		beq	.L6
 155:Drivers/STM32G0xx_HAL_Driver/Src/stm32g0xx_hal_dma_ex.c ****   {
 156:Drivers/STM32G0xx_HAL_Driver/Src/stm32g0xx_hal_dma_ex.c ****     /* Process Locked */
 157:Drivers/STM32G0xx_HAL_Driver/Src/stm32g0xx_hal_dma_ex.c ****     __HAL_LOCK(hdma);
 157              		.loc 1 157 5 is_stmt 1 view .LVU38
 158              		.loc 1 157 5 view .LVU39
 159 0014 2332     		adds	r2, r2, #35
 160 0016 9A5C     		ldrb	r2, [r3, r2]
 161 0018 012A     		cmp	r2, #1
 162 001a 10D0     		beq	.L8
 163              		.loc 1 157 5 discriminator 2 view .LVU40
 164 001c 2425     		movs	r5, #36
 165 001e 0122     		movs	r2, #1
 166 0020 5A55     		strb	r2, [r3, r5]
 167              		.loc 1 157 5 discriminator 2 view .LVU41
 158:Drivers/STM32G0xx_HAL_Driver/Src/stm32g0xx_hal_dma_ex.c **** 
 159:Drivers/STM32G0xx_HAL_Driver/Src/stm32g0xx_hal_dma_ex.c ****     /* Set the request generator new parameters*/
 160:Drivers/STM32G0xx_HAL_Driver/Src/stm32g0xx_hal_dma_ex.c ****     hdma->DMAmuxRequestGen->RGCR = pRequestGeneratorConfig->SignalID | \
 168              		.loc 1 160 5 discriminator 2 view .LVU42
 169              		.loc 1 160 59 is_stmt 0 discriminator 2 view .LVU43
 170 0022 0A68     		ldr	r2, [r1]
 161:Drivers/STM32G0xx_HAL_Driver/Src/stm32g0xx_hal_dma_ex.c ****                                    ((pRequestGeneratorConfig->RequestNumber - 1U) << DMAMUX_RGxCR_G
 171              		.loc 1 161 61 discriminator 2 view .LVU44
 172 0024 8868     		ldr	r0, [r1, #8]
 173              		.loc 1 161 77 discriminator 2 view .LVU45
 174 0026 0138     		subs	r0, r0, #1
 175              		.loc 1 161 83 discriminator 2 view .LVU46
 176 0028 C004     		lsls	r0, r0, #19
 160:Drivers/STM32G0xx_HAL_Driver/Src/stm32g0xx_hal_dma_ex.c ****                                    ((pRequestGeneratorConfig->RequestNumber - 1U) << DMAMUX_RGxCR_G
 177              		.loc 1 160 70 discriminator 2 view .LVU47
 178 002a 0243     		orrs	r2, r0
 162:Drivers/STM32G0xx_HAL_Driver/Src/stm32g0xx_hal_dma_ex.c ****                                    pRequestGeneratorConfig->Polarity;
 179              		.loc 1 162 59 discriminator 2 view .LVU48
 180 002c 4968     		ldr	r1, [r1, #4]
ARM GAS  /var/folders/cw/6cmm0b_n7yj10n1wx8hfx52r0000gn/T//ccwHEph0.s 			page 7


 181              	.LVL9:
 161:Drivers/STM32G0xx_HAL_Driver/Src/stm32g0xx_hal_dma_ex.c ****                                    ((pRequestGeneratorConfig->RequestNumber - 1U) << DMAMUX_RGxCR_G
 182              		.loc 1 161 111 discriminator 2 view .LVU49
 183 002e 0A43     		orrs	r2, r1
 160:Drivers/STM32G0xx_HAL_Driver/Src/stm32g0xx_hal_dma_ex.c ****                                    ((pRequestGeneratorConfig->RequestNumber - 1U) << DMAMUX_RGxCR_G
 184              		.loc 1 160 34 discriminator 2 view .LVU50
 185 0030 2260     		str	r2, [r4]
 163:Drivers/STM32G0xx_HAL_Driver/Src/stm32g0xx_hal_dma_ex.c ****     /* Process UnLocked */
 164:Drivers/STM32G0xx_HAL_Driver/Src/stm32g0xx_hal_dma_ex.c ****     __HAL_UNLOCK(hdma);
 186              		.loc 1 164 5 is_stmt 1 discriminator 2 view .LVU51
 187              		.loc 1 164 5 discriminator 2 view .LVU52
 188 0032 0022     		movs	r2, #0
 189 0034 5A55     		strb	r2, [r3, r5]
 190              		.loc 1 164 5 discriminator 2 view .LVU53
 165:Drivers/STM32G0xx_HAL_Driver/Src/stm32g0xx_hal_dma_ex.c **** 
 166:Drivers/STM32G0xx_HAL_Driver/Src/stm32g0xx_hal_dma_ex.c ****     return HAL_OK;
 191              		.loc 1 166 5 discriminator 2 view .LVU54
 192              		.loc 1 166 12 is_stmt 0 discriminator 2 view .LVU55
 193 0036 0020     		movs	r0, #0
 194 0038 00E0     		b	.L6
 195              	.LVL10:
 196              	.L7:
 167:Drivers/STM32G0xx_HAL_Driver/Src/stm32g0xx_hal_dma_ex.c ****   }
 168:Drivers/STM32G0xx_HAL_Driver/Src/stm32g0xx_hal_dma_ex.c ****   else
 169:Drivers/STM32G0xx_HAL_Driver/Src/stm32g0xx_hal_dma_ex.c ****   {
 170:Drivers/STM32G0xx_HAL_Driver/Src/stm32g0xx_hal_dma_ex.c ****     return HAL_ERROR;
 197              		.loc 1 170 12 view .LVU56
 198 003a 0120     		movs	r0, #1
 199              	.LVL11:
 200              	.L6:
 171:Drivers/STM32G0xx_HAL_Driver/Src/stm32g0xx_hal_dma_ex.c ****   }
 172:Drivers/STM32G0xx_HAL_Driver/Src/stm32g0xx_hal_dma_ex.c **** }
 201              		.loc 1 172 1 view .LVU57
 202              		@ sp needed
 203 003c 30BD     		pop	{r4, r5, pc}
 204              	.LVL12:
 205              	.L8:
 157:Drivers/STM32G0xx_HAL_Driver/Src/stm32g0xx_hal_dma_ex.c **** 
 206              		.loc 1 157 5 view .LVU58
 207 003e 0220     		movs	r0, #2
 208 0040 FCE7     		b	.L6
 209              		.cfi_endproc
 210              	.LFE159:
 212              		.section	.text.HAL_DMAEx_EnableMuxRequestGenerator,"ax",%progbits
 213              		.align	1
 214              		.global	HAL_DMAEx_EnableMuxRequestGenerator
 215              		.syntax unified
 216              		.code	16
 217              		.thumb_func
 219              	HAL_DMAEx_EnableMuxRequestGenerator:
 220              	.LVL13:
 221              	.LFB160:
 173:Drivers/STM32G0xx_HAL_Driver/Src/stm32g0xx_hal_dma_ex.c **** 
 174:Drivers/STM32G0xx_HAL_Driver/Src/stm32g0xx_hal_dma_ex.c **** /**
 175:Drivers/STM32G0xx_HAL_Driver/Src/stm32g0xx_hal_dma_ex.c ****   * @brief  Enable the DMAMUX request generator block used by the given DMA channel (instance).
 176:Drivers/STM32G0xx_HAL_Driver/Src/stm32g0xx_hal_dma_ex.c ****   * @param  hdma Pointer to a DMA_HandleTypeDef structure that contains
 177:Drivers/STM32G0xx_HAL_Driver/Src/stm32g0xx_hal_dma_ex.c ****   *                     the configuration information for the specified DMA channel.
ARM GAS  /var/folders/cw/6cmm0b_n7yj10n1wx8hfx52r0000gn/T//ccwHEph0.s 			page 8


 178:Drivers/STM32G0xx_HAL_Driver/Src/stm32g0xx_hal_dma_ex.c ****   * @retval HAL status
 179:Drivers/STM32G0xx_HAL_Driver/Src/stm32g0xx_hal_dma_ex.c ****   */
 180:Drivers/STM32G0xx_HAL_Driver/Src/stm32g0xx_hal_dma_ex.c **** HAL_StatusTypeDef HAL_DMAEx_EnableMuxRequestGenerator(DMA_HandleTypeDef *hdma)
 181:Drivers/STM32G0xx_HAL_Driver/Src/stm32g0xx_hal_dma_ex.c **** {
 222              		.loc 1 181 1 is_stmt 1 view -0
 223              		.cfi_startproc
 224              		@ args = 0, pretend = 0, frame = 0
 225              		@ frame_needed = 0, uses_anonymous_args = 0
 226              		@ link register save eliminated.
 182:Drivers/STM32G0xx_HAL_Driver/Src/stm32g0xx_hal_dma_ex.c ****   /* Check the parameters */
 183:Drivers/STM32G0xx_HAL_Driver/Src/stm32g0xx_hal_dma_ex.c ****   assert_param(IS_DMA_ALL_INSTANCE(hdma->Instance));
 227              		.loc 1 183 3 view .LVU60
 184:Drivers/STM32G0xx_HAL_Driver/Src/stm32g0xx_hal_dma_ex.c **** 
 185:Drivers/STM32G0xx_HAL_Driver/Src/stm32g0xx_hal_dma_ex.c ****   /* check if the DMA state is ready
 186:Drivers/STM32G0xx_HAL_Driver/Src/stm32g0xx_hal_dma_ex.c ****      and DMA is using a DMAMUX request generator block
 187:Drivers/STM32G0xx_HAL_Driver/Src/stm32g0xx_hal_dma_ex.c ****   */
 188:Drivers/STM32G0xx_HAL_Driver/Src/stm32g0xx_hal_dma_ex.c ****   if ((hdma->State != HAL_DMA_STATE_RESET) && (hdma->DMAmuxRequestGen != 0))
 228              		.loc 1 188 3 view .LVU61
 229              		.loc 1 188 12 is_stmt 0 view .LVU62
 230 0000 2523     		movs	r3, #37
 231 0002 C35C     		ldrb	r3, [r0, r3]
 232              		.loc 1 188 6 view .LVU63
 233 0004 002B     		cmp	r3, #0
 234 0006 09D0     		beq	.L11
 235              		.loc 1 188 52 discriminator 1 view .LVU64
 236 0008 036D     		ldr	r3, [r0, #80]
 237              		.loc 1 188 44 discriminator 1 view .LVU65
 238 000a 002B     		cmp	r3, #0
 239 000c 08D0     		beq	.L12
 189:Drivers/STM32G0xx_HAL_Driver/Src/stm32g0xx_hal_dma_ex.c ****   {
 190:Drivers/STM32G0xx_HAL_Driver/Src/stm32g0xx_hal_dma_ex.c **** 
 191:Drivers/STM32G0xx_HAL_Driver/Src/stm32g0xx_hal_dma_ex.c ****     /* Enable the request generator*/
 192:Drivers/STM32G0xx_HAL_Driver/Src/stm32g0xx_hal_dma_ex.c ****     hdma->DMAmuxRequestGen->RGCR |= DMAMUX_RGxCR_GE;
 240              		.loc 1 192 5 is_stmt 1 view .LVU66
 241              		.loc 1 192 27 is_stmt 0 view .LVU67
 242 000e 1968     		ldr	r1, [r3]
 243              		.loc 1 192 34 view .LVU68
 244 0010 8022     		movs	r2, #128
 245 0012 5202     		lsls	r2, r2, #9
 246 0014 0A43     		orrs	r2, r1
 247 0016 1A60     		str	r2, [r3]
 193:Drivers/STM32G0xx_HAL_Driver/Src/stm32g0xx_hal_dma_ex.c **** 
 194:Drivers/STM32G0xx_HAL_Driver/Src/stm32g0xx_hal_dma_ex.c ****     return HAL_OK;
 248              		.loc 1 194 5 is_stmt 1 view .LVU69
 249              		.loc 1 194 12 is_stmt 0 view .LVU70
 250 0018 0020     		movs	r0, #0
 251              	.LVL14:
 252              	.L10:
 195:Drivers/STM32G0xx_HAL_Driver/Src/stm32g0xx_hal_dma_ex.c ****   }
 196:Drivers/STM32G0xx_HAL_Driver/Src/stm32g0xx_hal_dma_ex.c ****   else
 197:Drivers/STM32G0xx_HAL_Driver/Src/stm32g0xx_hal_dma_ex.c ****   {
 198:Drivers/STM32G0xx_HAL_Driver/Src/stm32g0xx_hal_dma_ex.c ****     return HAL_ERROR;
 199:Drivers/STM32G0xx_HAL_Driver/Src/stm32g0xx_hal_dma_ex.c ****   }
 200:Drivers/STM32G0xx_HAL_Driver/Src/stm32g0xx_hal_dma_ex.c **** }
 253              		.loc 1 200 1 view .LVU71
 254              		@ sp needed
 255 001a 7047     		bx	lr
ARM GAS  /var/folders/cw/6cmm0b_n7yj10n1wx8hfx52r0000gn/T//ccwHEph0.s 			page 9


 256              	.LVL15:
 257              	.L11:
 198:Drivers/STM32G0xx_HAL_Driver/Src/stm32g0xx_hal_dma_ex.c ****   }
 258              		.loc 1 198 12 view .LVU72
 259 001c 0120     		movs	r0, #1
 260              	.LVL16:
 198:Drivers/STM32G0xx_HAL_Driver/Src/stm32g0xx_hal_dma_ex.c ****   }
 261              		.loc 1 198 12 view .LVU73
 262 001e FCE7     		b	.L10
 263              	.LVL17:
 264              	.L12:
 198:Drivers/STM32G0xx_HAL_Driver/Src/stm32g0xx_hal_dma_ex.c ****   }
 265              		.loc 1 198 12 view .LVU74
 266 0020 0120     		movs	r0, #1
 267              	.LVL18:
 198:Drivers/STM32G0xx_HAL_Driver/Src/stm32g0xx_hal_dma_ex.c ****   }
 268              		.loc 1 198 12 view .LVU75
 269 0022 FAE7     		b	.L10
 270              		.cfi_endproc
 271              	.LFE160:
 273              		.section	.text.HAL_DMAEx_DisableMuxRequestGenerator,"ax",%progbits
 274              		.align	1
 275              		.global	HAL_DMAEx_DisableMuxRequestGenerator
 276              		.syntax unified
 277              		.code	16
 278              		.thumb_func
 280              	HAL_DMAEx_DisableMuxRequestGenerator:
 281              	.LVL19:
 282              	.LFB161:
 201:Drivers/STM32G0xx_HAL_Driver/Src/stm32g0xx_hal_dma_ex.c **** 
 202:Drivers/STM32G0xx_HAL_Driver/Src/stm32g0xx_hal_dma_ex.c **** /**
 203:Drivers/STM32G0xx_HAL_Driver/Src/stm32g0xx_hal_dma_ex.c ****   * @brief  Disable the DMAMUX request generator block used by the given DMA channel (instance).
 204:Drivers/STM32G0xx_HAL_Driver/Src/stm32g0xx_hal_dma_ex.c ****   * @param  hdma Pointer to a DMA_HandleTypeDef structure that contains
 205:Drivers/STM32G0xx_HAL_Driver/Src/stm32g0xx_hal_dma_ex.c ****   *                     the configuration information for the specified DMA channel.
 206:Drivers/STM32G0xx_HAL_Driver/Src/stm32g0xx_hal_dma_ex.c ****   * @retval HAL status
 207:Drivers/STM32G0xx_HAL_Driver/Src/stm32g0xx_hal_dma_ex.c ****   */
 208:Drivers/STM32G0xx_HAL_Driver/Src/stm32g0xx_hal_dma_ex.c **** HAL_StatusTypeDef HAL_DMAEx_DisableMuxRequestGenerator(DMA_HandleTypeDef *hdma)
 209:Drivers/STM32G0xx_HAL_Driver/Src/stm32g0xx_hal_dma_ex.c **** {
 283              		.loc 1 209 1 is_stmt 1 view -0
 284              		.cfi_startproc
 285              		@ args = 0, pretend = 0, frame = 0
 286              		@ frame_needed = 0, uses_anonymous_args = 0
 287              		@ link register save eliminated.
 210:Drivers/STM32G0xx_HAL_Driver/Src/stm32g0xx_hal_dma_ex.c ****   /* Check the parameters */
 211:Drivers/STM32G0xx_HAL_Driver/Src/stm32g0xx_hal_dma_ex.c ****   assert_param(IS_DMA_ALL_INSTANCE(hdma->Instance));
 288              		.loc 1 211 3 view .LVU77
 212:Drivers/STM32G0xx_HAL_Driver/Src/stm32g0xx_hal_dma_ex.c **** 
 213:Drivers/STM32G0xx_HAL_Driver/Src/stm32g0xx_hal_dma_ex.c ****   /* check if the DMA state is ready
 214:Drivers/STM32G0xx_HAL_Driver/Src/stm32g0xx_hal_dma_ex.c ****      and DMA is using a DMAMUX request generator block
 215:Drivers/STM32G0xx_HAL_Driver/Src/stm32g0xx_hal_dma_ex.c ****   */
 216:Drivers/STM32G0xx_HAL_Driver/Src/stm32g0xx_hal_dma_ex.c ****   if ((hdma->State != HAL_DMA_STATE_RESET) && (hdma->DMAmuxRequestGen != 0))
 289              		.loc 1 216 3 view .LVU78
 290              		.loc 1 216 12 is_stmt 0 view .LVU79
 291 0000 2523     		movs	r3, #37
 292 0002 C35C     		ldrb	r3, [r0, r3]
 293              		.loc 1 216 6 view .LVU80
 294 0004 002B     		cmp	r3, #0
ARM GAS  /var/folders/cw/6cmm0b_n7yj10n1wx8hfx52r0000gn/T//ccwHEph0.s 			page 10


 295 0006 08D0     		beq	.L15
 296              		.loc 1 216 52 discriminator 1 view .LVU81
 297 0008 036D     		ldr	r3, [r0, #80]
 298              		.loc 1 216 44 discriminator 1 view .LVU82
 299 000a 002B     		cmp	r3, #0
 300 000c 07D0     		beq	.L16
 217:Drivers/STM32G0xx_HAL_Driver/Src/stm32g0xx_hal_dma_ex.c ****   {
 218:Drivers/STM32G0xx_HAL_Driver/Src/stm32g0xx_hal_dma_ex.c **** 
 219:Drivers/STM32G0xx_HAL_Driver/Src/stm32g0xx_hal_dma_ex.c ****     /* Disable the request generator*/
 220:Drivers/STM32G0xx_HAL_Driver/Src/stm32g0xx_hal_dma_ex.c ****     hdma->DMAmuxRequestGen->RGCR &= ~DMAMUX_RGxCR_GE;
 301              		.loc 1 220 5 is_stmt 1 view .LVU83
 302              		.loc 1 220 27 is_stmt 0 view .LVU84
 303 000e 1A68     		ldr	r2, [r3]
 304              		.loc 1 220 34 view .LVU85
 305 0010 0449     		ldr	r1, .L17
 306 0012 0A40     		ands	r2, r1
 307 0014 1A60     		str	r2, [r3]
 221:Drivers/STM32G0xx_HAL_Driver/Src/stm32g0xx_hal_dma_ex.c **** 
 222:Drivers/STM32G0xx_HAL_Driver/Src/stm32g0xx_hal_dma_ex.c ****     return HAL_OK;
 308              		.loc 1 222 5 is_stmt 1 view .LVU86
 309              		.loc 1 222 12 is_stmt 0 view .LVU87
 310 0016 0020     		movs	r0, #0
 311              	.LVL20:
 312              	.L14:
 223:Drivers/STM32G0xx_HAL_Driver/Src/stm32g0xx_hal_dma_ex.c ****   }
 224:Drivers/STM32G0xx_HAL_Driver/Src/stm32g0xx_hal_dma_ex.c ****   else
 225:Drivers/STM32G0xx_HAL_Driver/Src/stm32g0xx_hal_dma_ex.c ****   {
 226:Drivers/STM32G0xx_HAL_Driver/Src/stm32g0xx_hal_dma_ex.c ****     return HAL_ERROR;
 227:Drivers/STM32G0xx_HAL_Driver/Src/stm32g0xx_hal_dma_ex.c ****   }
 228:Drivers/STM32G0xx_HAL_Driver/Src/stm32g0xx_hal_dma_ex.c **** }
 313              		.loc 1 228 1 view .LVU88
 314              		@ sp needed
 315 0018 7047     		bx	lr
 316              	.LVL21:
 317              	.L15:
 226:Drivers/STM32G0xx_HAL_Driver/Src/stm32g0xx_hal_dma_ex.c ****   }
 318              		.loc 1 226 12 view .LVU89
 319 001a 0120     		movs	r0, #1
 320              	.LVL22:
 226:Drivers/STM32G0xx_HAL_Driver/Src/stm32g0xx_hal_dma_ex.c ****   }
 321              		.loc 1 226 12 view .LVU90
 322 001c FCE7     		b	.L14
 323              	.LVL23:
 324              	.L16:
 226:Drivers/STM32G0xx_HAL_Driver/Src/stm32g0xx_hal_dma_ex.c ****   }
 325              		.loc 1 226 12 view .LVU91
 326 001e 0120     		movs	r0, #1
 327              	.LVL24:
 226:Drivers/STM32G0xx_HAL_Driver/Src/stm32g0xx_hal_dma_ex.c ****   }
 328              		.loc 1 226 12 view .LVU92
 329 0020 FAE7     		b	.L14
 330              	.L18:
 331 0022 C046     		.align	2
 332              	.L17:
 333 0024 FFFFFEFF 		.word	-65537
 334              		.cfi_endproc
 335              	.LFE161:
ARM GAS  /var/folders/cw/6cmm0b_n7yj10n1wx8hfx52r0000gn/T//ccwHEph0.s 			page 11


 337              		.section	.text.HAL_DMAEx_MUX_IRQHandler,"ax",%progbits
 338              		.align	1
 339              		.global	HAL_DMAEx_MUX_IRQHandler
 340              		.syntax unified
 341              		.code	16
 342              		.thumb_func
 344              	HAL_DMAEx_MUX_IRQHandler:
 345              	.LVL25:
 346              	.LFB162:
 229:Drivers/STM32G0xx_HAL_Driver/Src/stm32g0xx_hal_dma_ex.c **** 
 230:Drivers/STM32G0xx_HAL_Driver/Src/stm32g0xx_hal_dma_ex.c **** /**
 231:Drivers/STM32G0xx_HAL_Driver/Src/stm32g0xx_hal_dma_ex.c ****   * @brief  Handles DMAMUX interrupt request.
 232:Drivers/STM32G0xx_HAL_Driver/Src/stm32g0xx_hal_dma_ex.c ****   * @param  hdma Pointer to a DMA_HandleTypeDef structure that contains
 233:Drivers/STM32G0xx_HAL_Driver/Src/stm32g0xx_hal_dma_ex.c ****   *               the configuration information for the specified DMA channel.
 234:Drivers/STM32G0xx_HAL_Driver/Src/stm32g0xx_hal_dma_ex.c ****   * @retval None
 235:Drivers/STM32G0xx_HAL_Driver/Src/stm32g0xx_hal_dma_ex.c ****   */
 236:Drivers/STM32G0xx_HAL_Driver/Src/stm32g0xx_hal_dma_ex.c **** void HAL_DMAEx_MUX_IRQHandler(DMA_HandleTypeDef *hdma)
 237:Drivers/STM32G0xx_HAL_Driver/Src/stm32g0xx_hal_dma_ex.c **** {
 347              		.loc 1 237 1 is_stmt 1 view -0
 348              		.cfi_startproc
 349              		@ args = 0, pretend = 0, frame = 0
 350              		@ frame_needed = 0, uses_anonymous_args = 0
 351              		.loc 1 237 1 is_stmt 0 view .LVU94
 352 0000 10B5     		push	{r4, lr}
 353              	.LCFI2:
 354              		.cfi_def_cfa_offset 8
 355              		.cfi_offset 4, -8
 356              		.cfi_offset 14, -4
 357 0002 0400     		movs	r4, r0
 238:Drivers/STM32G0xx_HAL_Driver/Src/stm32g0xx_hal_dma_ex.c ****   /* Check for DMAMUX Synchronization overrun */
 239:Drivers/STM32G0xx_HAL_Driver/Src/stm32g0xx_hal_dma_ex.c ****   if ((hdma->DMAmuxChannelStatus->CSR & hdma->DMAmuxChannelStatusMask) != 0U)
 358              		.loc 1 239 3 is_stmt 1 view .LVU95
 359              		.loc 1 239 12 is_stmt 0 view .LVU96
 360 0004 836C     		ldr	r3, [r0, #72]
 361              		.loc 1 239 33 view .LVU97
 362 0006 1B68     		ldr	r3, [r3]
 363              		.loc 1 239 45 view .LVU98
 364 0008 C26C     		ldr	r2, [r0, #76]
 365              		.loc 1 239 6 view .LVU99
 366 000a 1A42     		tst	r2, r3
 367 000c 10D0     		beq	.L20
 240:Drivers/STM32G0xx_HAL_Driver/Src/stm32g0xx_hal_dma_ex.c ****   {
 241:Drivers/STM32G0xx_HAL_Driver/Src/stm32g0xx_hal_dma_ex.c ****     /* Disable the synchro overrun interrupt */
 242:Drivers/STM32G0xx_HAL_Driver/Src/stm32g0xx_hal_dma_ex.c ****     hdma->DMAmuxChannel->CCR &= ~DMAMUX_CxCR_SOIE;
 368              		.loc 1 242 5 is_stmt 1 view .LVU100
 369              		.loc 1 242 9 is_stmt 0 view .LVU101
 370 000e 426C     		ldr	r2, [r0, #68]
 371              		.loc 1 242 24 view .LVU102
 372 0010 1368     		ldr	r3, [r2]
 373              		.loc 1 242 30 view .LVU103
 374 0012 1449     		ldr	r1, .L22
 375 0014 0B40     		ands	r3, r1
 376 0016 1360     		str	r3, [r2]
 243:Drivers/STM32G0xx_HAL_Driver/Src/stm32g0xx_hal_dma_ex.c **** 
 244:Drivers/STM32G0xx_HAL_Driver/Src/stm32g0xx_hal_dma_ex.c ****     /* Clear the DMAMUX synchro overrun flag */
 245:Drivers/STM32G0xx_HAL_Driver/Src/stm32g0xx_hal_dma_ex.c ****     hdma->DMAmuxChannelStatus->CFR = hdma->DMAmuxChannelStatusMask;
 377              		.loc 1 245 5 is_stmt 1 view .LVU104
ARM GAS  /var/folders/cw/6cmm0b_n7yj10n1wx8hfx52r0000gn/T//ccwHEph0.s 			page 12


 378              		.loc 1 245 9 is_stmt 0 view .LVU105
 379 0018 836C     		ldr	r3, [r0, #72]
 380              		.loc 1 245 42 view .LVU106
 381 001a C26C     		ldr	r2, [r0, #76]
 382              		.loc 1 245 36 view .LVU107
 383 001c 5A60     		str	r2, [r3, #4]
 246:Drivers/STM32G0xx_HAL_Driver/Src/stm32g0xx_hal_dma_ex.c **** 
 247:Drivers/STM32G0xx_HAL_Driver/Src/stm32g0xx_hal_dma_ex.c ****     /* Update error code */
 248:Drivers/STM32G0xx_HAL_Driver/Src/stm32g0xx_hal_dma_ex.c ****     hdma->ErrorCode |= HAL_DMA_ERROR_SYNC;
 384              		.loc 1 248 5 is_stmt 1 view .LVU108
 385              		.loc 1 248 9 is_stmt 0 view .LVU109
 386 001e C26B     		ldr	r2, [r0, #60]
 387              		.loc 1 248 21 view .LVU110
 388 0020 8023     		movs	r3, #128
 389 0022 9B00     		lsls	r3, r3, #2
 390 0024 1343     		orrs	r3, r2
 391 0026 C363     		str	r3, [r0, #60]
 249:Drivers/STM32G0xx_HAL_Driver/Src/stm32g0xx_hal_dma_ex.c **** 
 250:Drivers/STM32G0xx_HAL_Driver/Src/stm32g0xx_hal_dma_ex.c ****     if (hdma->XferErrorCallback != NULL)
 392              		.loc 1 250 5 is_stmt 1 view .LVU111
 393              		.loc 1 250 13 is_stmt 0 view .LVU112
 394 0028 436B     		ldr	r3, [r0, #52]
 395              		.loc 1 250 8 view .LVU113
 396 002a 002B     		cmp	r3, #0
 397 002c 00D0     		beq	.L20
 251:Drivers/STM32G0xx_HAL_Driver/Src/stm32g0xx_hal_dma_ex.c ****     {
 252:Drivers/STM32G0xx_HAL_Driver/Src/stm32g0xx_hal_dma_ex.c ****       /* Transfer error callback */
 253:Drivers/STM32G0xx_HAL_Driver/Src/stm32g0xx_hal_dma_ex.c ****       hdma->XferErrorCallback(hdma);
 398              		.loc 1 253 7 is_stmt 1 view .LVU114
 399 002e 9847     		blx	r3
 400              	.LVL26:
 401              	.L20:
 254:Drivers/STM32G0xx_HAL_Driver/Src/stm32g0xx_hal_dma_ex.c ****     }
 255:Drivers/STM32G0xx_HAL_Driver/Src/stm32g0xx_hal_dma_ex.c ****   }
 256:Drivers/STM32G0xx_HAL_Driver/Src/stm32g0xx_hal_dma_ex.c **** 
 257:Drivers/STM32G0xx_HAL_Driver/Src/stm32g0xx_hal_dma_ex.c ****   if (hdma->DMAmuxRequestGen != 0)
 402              		.loc 1 257 3 view .LVU115
 403              		.loc 1 257 11 is_stmt 0 view .LVU116
 404 0030 236D     		ldr	r3, [r4, #80]
 405              		.loc 1 257 6 view .LVU117
 406 0032 002B     		cmp	r3, #0
 407 0034 15D0     		beq	.L19
 258:Drivers/STM32G0xx_HAL_Driver/Src/stm32g0xx_hal_dma_ex.c ****   {
 259:Drivers/STM32G0xx_HAL_Driver/Src/stm32g0xx_hal_dma_ex.c ****     /* if using a DMAMUX request generator block Check for DMAMUX request generator overrun */
 260:Drivers/STM32G0xx_HAL_Driver/Src/stm32g0xx_hal_dma_ex.c ****     if ((hdma->DMAmuxRequestGenStatus->RGSR & hdma->DMAmuxRequestGenStatusMask) != 0U)
 408              		.loc 1 260 5 is_stmt 1 view .LVU118
 409              		.loc 1 260 14 is_stmt 0 view .LVU119
 410 0036 626D     		ldr	r2, [r4, #84]
 411              		.loc 1 260 38 view .LVU120
 412 0038 1268     		ldr	r2, [r2]
 413              		.loc 1 260 51 view .LVU121
 414 003a A16D     		ldr	r1, [r4, #88]
 415              		.loc 1 260 8 view .LVU122
 416 003c 1142     		tst	r1, r2
 417 003e 10D0     		beq	.L19
 261:Drivers/STM32G0xx_HAL_Driver/Src/stm32g0xx_hal_dma_ex.c ****     {
 262:Drivers/STM32G0xx_HAL_Driver/Src/stm32g0xx_hal_dma_ex.c ****       /* Disable the request gen overrun interrupt */
ARM GAS  /var/folders/cw/6cmm0b_n7yj10n1wx8hfx52r0000gn/T//ccwHEph0.s 			page 13


 263:Drivers/STM32G0xx_HAL_Driver/Src/stm32g0xx_hal_dma_ex.c ****       hdma->DMAmuxRequestGen->RGCR &= ~DMAMUX_RGxCR_OIE;
 418              		.loc 1 263 7 is_stmt 1 view .LVU123
 419              		.loc 1 263 29 is_stmt 0 view .LVU124
 420 0040 1A68     		ldr	r2, [r3]
 421              		.loc 1 263 36 view .LVU125
 422 0042 0849     		ldr	r1, .L22
 423 0044 0A40     		ands	r2, r1
 424 0046 1A60     		str	r2, [r3]
 264:Drivers/STM32G0xx_HAL_Driver/Src/stm32g0xx_hal_dma_ex.c **** 
 265:Drivers/STM32G0xx_HAL_Driver/Src/stm32g0xx_hal_dma_ex.c ****       /* Clear the DMAMUX request generator overrun flag */
 266:Drivers/STM32G0xx_HAL_Driver/Src/stm32g0xx_hal_dma_ex.c ****       hdma->DMAmuxRequestGenStatus->RGCFR = hdma->DMAmuxRequestGenStatusMask;
 425              		.loc 1 266 7 is_stmt 1 view .LVU126
 426              		.loc 1 266 11 is_stmt 0 view .LVU127
 427 0048 636D     		ldr	r3, [r4, #84]
 428              		.loc 1 266 49 view .LVU128
 429 004a A26D     		ldr	r2, [r4, #88]
 430              		.loc 1 266 43 view .LVU129
 431 004c 5A60     		str	r2, [r3, #4]
 267:Drivers/STM32G0xx_HAL_Driver/Src/stm32g0xx_hal_dma_ex.c **** 
 268:Drivers/STM32G0xx_HAL_Driver/Src/stm32g0xx_hal_dma_ex.c ****       /* Update error code */
 269:Drivers/STM32G0xx_HAL_Driver/Src/stm32g0xx_hal_dma_ex.c ****       hdma->ErrorCode |= HAL_DMA_ERROR_REQGEN;
 432              		.loc 1 269 7 is_stmt 1 view .LVU130
 433              		.loc 1 269 11 is_stmt 0 view .LVU131
 434 004e E26B     		ldr	r2, [r4, #60]
 435              		.loc 1 269 23 view .LVU132
 436 0050 8023     		movs	r3, #128
 437 0052 DB00     		lsls	r3, r3, #3
 438 0054 1343     		orrs	r3, r2
 439 0056 E363     		str	r3, [r4, #60]
 270:Drivers/STM32G0xx_HAL_Driver/Src/stm32g0xx_hal_dma_ex.c **** 
 271:Drivers/STM32G0xx_HAL_Driver/Src/stm32g0xx_hal_dma_ex.c ****       if (hdma->XferErrorCallback != NULL)
 440              		.loc 1 271 7 is_stmt 1 view .LVU133
 441              		.loc 1 271 15 is_stmt 0 view .LVU134
 442 0058 636B     		ldr	r3, [r4, #52]
 443              		.loc 1 271 10 view .LVU135
 444 005a 002B     		cmp	r3, #0
 445 005c 01D0     		beq	.L19
 272:Drivers/STM32G0xx_HAL_Driver/Src/stm32g0xx_hal_dma_ex.c ****       {
 273:Drivers/STM32G0xx_HAL_Driver/Src/stm32g0xx_hal_dma_ex.c ****         /* Transfer error callback */
 274:Drivers/STM32G0xx_HAL_Driver/Src/stm32g0xx_hal_dma_ex.c ****         hdma->XferErrorCallback(hdma);
 446              		.loc 1 274 9 is_stmt 1 view .LVU136
 447 005e 2000     		movs	r0, r4
 448 0060 9847     		blx	r3
 449              	.LVL27:
 450              	.L19:
 275:Drivers/STM32G0xx_HAL_Driver/Src/stm32g0xx_hal_dma_ex.c ****       }
 276:Drivers/STM32G0xx_HAL_Driver/Src/stm32g0xx_hal_dma_ex.c ****     }
 277:Drivers/STM32G0xx_HAL_Driver/Src/stm32g0xx_hal_dma_ex.c ****   }
 278:Drivers/STM32G0xx_HAL_Driver/Src/stm32g0xx_hal_dma_ex.c **** }
 451              		.loc 1 278 1 is_stmt 0 view .LVU137
 452              		@ sp needed
 453              	.LVL28:
 454              		.loc 1 278 1 view .LVU138
 455 0062 10BD     		pop	{r4, pc}
 456              	.L23:
 457              		.align	2
 458              	.L22:
ARM GAS  /var/folders/cw/6cmm0b_n7yj10n1wx8hfx52r0000gn/T//ccwHEph0.s 			page 14


 459 0064 FFFEFFFF 		.word	-257
 460              		.cfi_endproc
 461              	.LFE162:
 463              		.text
 464              	.Letext0:
 465              		.file 2 "/Applications/ArmGNUToolchain/12.3.rel1/arm-none-eabi/arm-none-eabi/include/machine/_defa
 466              		.file 3 "/Applications/ArmGNUToolchain/12.3.rel1/arm-none-eabi/arm-none-eabi/include/sys/_stdint.h
 467              		.file 4 "Drivers/CMSIS/Device/ST/STM32G0xx/Include/stm32g030xx.h"
 468              		.file 5 "Drivers/CMSIS/Device/ST/STM32G0xx/Include/stm32g0xx.h"
 469              		.file 6 "Drivers/STM32G0xx_HAL_Driver/Inc/stm32g0xx_hal_def.h"
 470              		.file 7 "Drivers/STM32G0xx_HAL_Driver/Inc/stm32g0xx_hal_dma.h"
 471              		.file 8 "Drivers/STM32G0xx_HAL_Driver/Inc/stm32g0xx_hal_dma_ex.h"
ARM GAS  /var/folders/cw/6cmm0b_n7yj10n1wx8hfx52r0000gn/T//ccwHEph0.s 			page 15


DEFINED SYMBOLS
                            *ABS*:00000000 stm32g0xx_hal_dma_ex.c
/var/folders/cw/6cmm0b_n7yj10n1wx8hfx52r0000gn/T//ccwHEph0.s:19     .text.HAL_DMAEx_ConfigMuxSync:00000000 $t
/var/folders/cw/6cmm0b_n7yj10n1wx8hfx52r0000gn/T//ccwHEph0.s:25     .text.HAL_DMAEx_ConfigMuxSync:00000000 HAL_DMAEx_ConfigMuxSync
/var/folders/cw/6cmm0b_n7yj10n1wx8hfx52r0000gn/T//ccwHEph0.s:118    .text.HAL_DMAEx_ConfigMuxRequestGenerator:00000000 $t
/var/folders/cw/6cmm0b_n7yj10n1wx8hfx52r0000gn/T//ccwHEph0.s:124    .text.HAL_DMAEx_ConfigMuxRequestGenerator:00000000 HAL_DMAEx_ConfigMuxRequestGenerator
/var/folders/cw/6cmm0b_n7yj10n1wx8hfx52r0000gn/T//ccwHEph0.s:213    .text.HAL_DMAEx_EnableMuxRequestGenerator:00000000 $t
/var/folders/cw/6cmm0b_n7yj10n1wx8hfx52r0000gn/T//ccwHEph0.s:219    .text.HAL_DMAEx_EnableMuxRequestGenerator:00000000 HAL_DMAEx_EnableMuxRequestGenerator
/var/folders/cw/6cmm0b_n7yj10n1wx8hfx52r0000gn/T//ccwHEph0.s:274    .text.HAL_DMAEx_DisableMuxRequestGenerator:00000000 $t
/var/folders/cw/6cmm0b_n7yj10n1wx8hfx52r0000gn/T//ccwHEph0.s:280    .text.HAL_DMAEx_DisableMuxRequestGenerator:00000000 HAL_DMAEx_DisableMuxRequestGenerator
/var/folders/cw/6cmm0b_n7yj10n1wx8hfx52r0000gn/T//ccwHEph0.s:333    .text.HAL_DMAEx_DisableMuxRequestGenerator:00000024 $d
/var/folders/cw/6cmm0b_n7yj10n1wx8hfx52r0000gn/T//ccwHEph0.s:338    .text.HAL_DMAEx_MUX_IRQHandler:00000000 $t
/var/folders/cw/6cmm0b_n7yj10n1wx8hfx52r0000gn/T//ccwHEph0.s:344    .text.HAL_DMAEx_MUX_IRQHandler:00000000 HAL_DMAEx_MUX_IRQHandler
/var/folders/cw/6cmm0b_n7yj10n1wx8hfx52r0000gn/T//ccwHEph0.s:459    .text.HAL_DMAEx_MUX_IRQHandler:00000064 $d

NO UNDEFINED SYMBOLS
