ARM GAS  /tmp/ccVQ2d0b.s 			page 1


   1              		.cpu cortex-m0plus
   2              		.eabi_attribute 20, 1
   3              		.eabi_attribute 21, 1
   4              		.eabi_attribute 23, 3
   5              		.eabi_attribute 24, 1
   6              		.eabi_attribute 25, 1
   7              		.eabi_attribute 26, 1
   8              		.eabi_attribute 30, 1
   9              		.eabi_attribute 34, 0
  10              		.eabi_attribute 18, 4
  11              		.file	"main.c"
  12              		.text
  13              	.Ltext0:
  14              		.cfi_sections	.debug_frame
  15              		.section	.text.MX_GPIO_Init,"ax",%progbits
  16              		.align	1
  17              		.arch armv6s-m
  18              		.syntax unified
  19              		.code	16
  20              		.thumb_func
  21              		.fpu softvfp
  23              	MX_GPIO_Init:
  24              	.LFB160:
  25              		.file 1 "Src/main.c"
   1:Src/main.c    **** /* USER CODE BEGIN Header */
   2:Src/main.c    **** /**
   3:Src/main.c    ****   ******************************************************************************
   4:Src/main.c    ****   * @file           : main.c
   5:Src/main.c    ****   * @brief          : Main program body
   6:Src/main.c    ****   ******************************************************************************
   7:Src/main.c    ****   * @attention
   8:Src/main.c    ****   *
   9:Src/main.c    ****   * <h2><center>&copy; Copyright (c) 2020 STMicroelectronics.
  10:Src/main.c    ****   * All rights reserved.</center></h2>
  11:Src/main.c    ****   *
  12:Src/main.c    ****   * This software component is licensed by ST under BSD 3-Clause license,
  13:Src/main.c    ****   * the "License"; You may not use this file except in compliance with the
  14:Src/main.c    ****   * License. You may obtain a copy of the License at:
  15:Src/main.c    ****   *                        opensource.org/licenses/BSD-3-Clause
  16:Src/main.c    ****   *
  17:Src/main.c    ****   ******************************************************************************
  18:Src/main.c    ****   */
  19:Src/main.c    **** /* USER CODE END Header */
  20:Src/main.c    **** 
  21:Src/main.c    **** /* Includes ------------------------------------------------------------------*/
  22:Src/main.c    **** #include "main.h"
  23:Src/main.c    **** 
  24:Src/main.c    **** /* Private includes ----------------------------------------------------------*/
  25:Src/main.c    **** /* USER CODE BEGIN Includes */
  26:Src/main.c    **** 
  27:Src/main.c    **** /* USER CODE END Includes */
  28:Src/main.c    **** 
  29:Src/main.c    **** /* Private typedef -----------------------------------------------------------*/
  30:Src/main.c    **** /* USER CODE BEGIN PTD */
  31:Src/main.c    **** 
  32:Src/main.c    **** /* USER CODE END PTD */
  33:Src/main.c    **** 
ARM GAS  /tmp/ccVQ2d0b.s 			page 2


  34:Src/main.c    **** /* Private define ------------------------------------------------------------*/
  35:Src/main.c    **** /* USER CODE BEGIN PD */
  36:Src/main.c    **** /* USER CODE END PD */
  37:Src/main.c    **** 
  38:Src/main.c    **** /* Private macro -------------------------------------------------------------*/
  39:Src/main.c    **** /* USER CODE BEGIN PM */
  40:Src/main.c    **** 
  41:Src/main.c    **** /* USER CODE END PM */
  42:Src/main.c    **** 
  43:Src/main.c    **** /* Private variables ---------------------------------------------------------*/
  44:Src/main.c    **** 
  45:Src/main.c    **** /* USER CODE BEGIN PV */
  46:Src/main.c    **** 
  47:Src/main.c    **** /* USER CODE END PV */
  48:Src/main.c    **** 
  49:Src/main.c    **** /* Private function prototypes -----------------------------------------------*/
  50:Src/main.c    **** void SystemClock_Config(void);
  51:Src/main.c    **** static void MX_GPIO_Init(void);
  52:Src/main.c    **** /* USER CODE BEGIN PFP */
  53:Src/main.c    **** 
  54:Src/main.c    **** /* USER CODE END PFP */
  55:Src/main.c    **** 
  56:Src/main.c    **** /* Private user code ---------------------------------------------------------*/
  57:Src/main.c    **** /* USER CODE BEGIN 0 */
  58:Src/main.c    **** 
  59:Src/main.c    **** /* USER CODE END 0 */
  60:Src/main.c    **** 
  61:Src/main.c    **** /**
  62:Src/main.c    ****   * @brief  The application entry point.
  63:Src/main.c    ****   * @retval int
  64:Src/main.c    ****   */
  65:Src/main.c    **** int main(void)
  66:Src/main.c    **** {
  67:Src/main.c    ****   /* USER CODE BEGIN 1 */
  68:Src/main.c    **** 
  69:Src/main.c    ****   /* USER CODE END 1 */
  70:Src/main.c    **** 
  71:Src/main.c    ****   /* MCU Configuration--------------------------------------------------------*/
  72:Src/main.c    **** 
  73:Src/main.c    ****   /* Reset of all peripherals, Initializes the Flash interface and the Systick. */
  74:Src/main.c    ****   HAL_Init();
  75:Src/main.c    **** 
  76:Src/main.c    ****   /* USER CODE BEGIN Init */
  77:Src/main.c    **** 
  78:Src/main.c    ****   /* USER CODE END Init */
  79:Src/main.c    **** 
  80:Src/main.c    ****   /* Configure the system clock */
  81:Src/main.c    ****   SystemClock_Config();
  82:Src/main.c    **** 
  83:Src/main.c    ****   /* USER CODE BEGIN SysInit */
  84:Src/main.c    **** 
  85:Src/main.c    ****   /* USER CODE END SysInit */
  86:Src/main.c    **** 
  87:Src/main.c    ****   /* Initialize all configured peripherals */
  88:Src/main.c    ****   MX_GPIO_Init();
  89:Src/main.c    ****   /* USER CODE BEGIN 2 */
  90:Src/main.c    **** 
ARM GAS  /tmp/ccVQ2d0b.s 			page 3


  91:Src/main.c    ****   /* USER CODE END 2 */
  92:Src/main.c    **** 
  93:Src/main.c    ****   /* Infinite loop */
  94:Src/main.c    ****   /* USER CODE BEGIN WHILE */
  95:Src/main.c    ****   while (1)
  96:Src/main.c    ****   {
  97:Src/main.c    ****     /* USER CODE END WHILE */
  98:Src/main.c    **** 
  99:Src/main.c    ****     /* USER CODE BEGIN 3 */
 100:Src/main.c    ****   }
 101:Src/main.c    ****   /* USER CODE END 3 */
 102:Src/main.c    **** }
 103:Src/main.c    **** 
 104:Src/main.c    **** /**
 105:Src/main.c    ****   * @brief System Clock Configuration
 106:Src/main.c    ****   * @retval None
 107:Src/main.c    ****   */
 108:Src/main.c    **** void SystemClock_Config(void)
 109:Src/main.c    **** {
 110:Src/main.c    ****   RCC_OscInitTypeDef RCC_OscInitStruct = {0};
 111:Src/main.c    ****   RCC_ClkInitTypeDef RCC_ClkInitStruct = {0};
 112:Src/main.c    **** 
 113:Src/main.c    ****   /** Configure the main internal regulator output voltage 
 114:Src/main.c    ****   */
 115:Src/main.c    ****   HAL_PWREx_ControlVoltageScaling(PWR_REGULATOR_VOLTAGE_SCALE1);
 116:Src/main.c    ****   /** Initializes the CPU, AHB and APB busses clocks 
 117:Src/main.c    ****   */
 118:Src/main.c    ****   RCC_OscInitStruct.OscillatorType = RCC_OSCILLATORTYPE_HSI;
 119:Src/main.c    ****   RCC_OscInitStruct.HSIState = RCC_HSI_ON;
 120:Src/main.c    ****   RCC_OscInitStruct.HSIDiv = RCC_HSI_DIV1;
 121:Src/main.c    ****   RCC_OscInitStruct.HSICalibrationValue = RCC_HSICALIBRATION_DEFAULT;
 122:Src/main.c    ****   RCC_OscInitStruct.PLL.PLLState = RCC_PLL_NONE;
 123:Src/main.c    ****   if (HAL_RCC_OscConfig(&RCC_OscInitStruct) != HAL_OK)
 124:Src/main.c    ****   {
 125:Src/main.c    ****     Error_Handler();
 126:Src/main.c    ****   }
 127:Src/main.c    ****   /** Initializes the CPU, AHB and APB busses clocks 
 128:Src/main.c    ****   */
 129:Src/main.c    ****   RCC_ClkInitStruct.ClockType = RCC_CLOCKTYPE_HCLK|RCC_CLOCKTYPE_SYSCLK
 130:Src/main.c    ****                               |RCC_CLOCKTYPE_PCLK1;
 131:Src/main.c    ****   RCC_ClkInitStruct.SYSCLKSource = RCC_SYSCLKSOURCE_HSI;
 132:Src/main.c    ****   RCC_ClkInitStruct.AHBCLKDivider = RCC_SYSCLK_DIV1;
 133:Src/main.c    ****   RCC_ClkInitStruct.APB1CLKDivider = RCC_HCLK_DIV1;
 134:Src/main.c    **** 
 135:Src/main.c    ****   if (HAL_RCC_ClockConfig(&RCC_ClkInitStruct, FLASH_LATENCY_0) != HAL_OK)
 136:Src/main.c    ****   {
 137:Src/main.c    ****     Error_Handler();
 138:Src/main.c    ****   }
 139:Src/main.c    **** }
 140:Src/main.c    **** 
 141:Src/main.c    **** /**
 142:Src/main.c    ****   * @brief GPIO Initialization Function
 143:Src/main.c    ****   * @param None
 144:Src/main.c    ****   * @retval None
 145:Src/main.c    ****   */
 146:Src/main.c    **** static void MX_GPIO_Init(void)
 147:Src/main.c    **** {
ARM GAS  /tmp/ccVQ2d0b.s 			page 4


  26              		.loc 1 147 1 view -0
  27              		.cfi_startproc
  28              		@ args = 0, pretend = 0, frame = 24
  29              		@ frame_needed = 0, uses_anonymous_args = 0
  30 0000 30B5     		push	{r4, r5, lr}
  31              	.LCFI0:
  32              		.cfi_def_cfa_offset 12
  33              		.cfi_offset 4, -12
  34              		.cfi_offset 5, -8
  35              		.cfi_offset 14, -4
  36 0002 87B0     		sub	sp, sp, #28
  37              	.LCFI1:
  38              		.cfi_def_cfa_offset 40
 148:Src/main.c    ****   GPIO_InitTypeDef GPIO_InitStruct = {0};
  39              		.loc 1 148 3 view .LVU1
  40              		.loc 1 148 20 is_stmt 0 view .LVU2
  41 0004 1422     		movs	r2, #20
  42 0006 0021     		movs	r1, #0
  43 0008 01A8     		add	r0, sp, #4
  44 000a FFF7FEFF 		bl	memset
  45              	.LVL0:
 149:Src/main.c    **** 
 150:Src/main.c    ****   /* GPIO Ports Clock Enable */
 151:Src/main.c    ****   __HAL_RCC_GPIOA_CLK_ENABLE();
  46              		.loc 1 151 3 is_stmt 1 view .LVU3
  47              	.LBB2:
  48              		.loc 1 151 3 view .LVU4
  49              		.loc 1 151 3 view .LVU5
  50 000e 0E4B     		ldr	r3, .L2
  51 0010 5A6B     		ldr	r2, [r3, #52]
  52 0012 0124     		movs	r4, #1
  53 0014 2243     		orrs	r2, r4
  54 0016 5A63     		str	r2, [r3, #52]
  55              		.loc 1 151 3 view .LVU6
  56 0018 5B6B     		ldr	r3, [r3, #52]
  57 001a 2340     		ands	r3, r4
  58 001c 0093     		str	r3, [sp]
  59              		.loc 1 151 3 view .LVU7
  60 001e 009B     		ldr	r3, [sp]
  61              	.LBE2:
  62              		.loc 1 151 3 view .LVU8
 152:Src/main.c    **** 
 153:Src/main.c    ****   /*Configure GPIO pin Output Level */
 154:Src/main.c    ****   HAL_GPIO_WritePin(GPIOA, GPIO_PIN_7, GPIO_PIN_RESET);
  63              		.loc 1 154 3 view .LVU9
  64 0020 A025     		movs	r5, #160
  65 0022 ED05     		lsls	r5, r5, #23
  66 0024 0022     		movs	r2, #0
  67 0026 8021     		movs	r1, #128
  68 0028 2800     		movs	r0, r5
  69 002a FFF7FEFF 		bl	HAL_GPIO_WritePin
  70              	.LVL1:
 155:Src/main.c    **** 
 156:Src/main.c    ****   /*Configure GPIO pin : PA7 */
 157:Src/main.c    ****   GPIO_InitStruct.Pin = GPIO_PIN_7;
  71              		.loc 1 157 3 view .LVU10
  72              		.loc 1 157 23 is_stmt 0 view .LVU11
ARM GAS  /tmp/ccVQ2d0b.s 			page 5


  73 002e 8023     		movs	r3, #128
  74 0030 0193     		str	r3, [sp, #4]
 158:Src/main.c    ****   GPIO_InitStruct.Mode = GPIO_MODE_OUTPUT_PP;
  75              		.loc 1 158 3 is_stmt 1 view .LVU12
  76              		.loc 1 158 24 is_stmt 0 view .LVU13
  77 0032 0294     		str	r4, [sp, #8]
 159:Src/main.c    ****   GPIO_InitStruct.Pull = GPIO_NOPULL;
  78              		.loc 1 159 3 is_stmt 1 view .LVU14
  79              		.loc 1 159 24 is_stmt 0 view .LVU15
  80 0034 0023     		movs	r3, #0
  81 0036 0393     		str	r3, [sp, #12]
 160:Src/main.c    ****   GPIO_InitStruct.Speed = GPIO_SPEED_FREQ_LOW;
  82              		.loc 1 160 3 is_stmt 1 view .LVU16
  83              		.loc 1 160 25 is_stmt 0 view .LVU17
  84 0038 0493     		str	r3, [sp, #16]
 161:Src/main.c    ****   HAL_GPIO_Init(GPIOA, &GPIO_InitStruct);
  85              		.loc 1 161 3 is_stmt 1 view .LVU18
  86 003a 01A9     		add	r1, sp, #4
  87 003c 2800     		movs	r0, r5
  88 003e FFF7FEFF 		bl	HAL_GPIO_Init
  89              	.LVL2:
 162:Src/main.c    **** 
 163:Src/main.c    **** }
  90              		.loc 1 163 1 is_stmt 0 view .LVU19
  91 0042 07B0     		add	sp, sp, #28
  92              		@ sp needed
  93 0044 30BD     		pop	{r4, r5, pc}
  94              	.L3:
  95 0046 C046     		.align	2
  96              	.L2:
  97 0048 00100240 		.word	1073876992
  98              		.cfi_endproc
  99              	.LFE160:
 101              		.section	.text.SystemClock_Config,"ax",%progbits
 102              		.align	1
 103              		.global	SystemClock_Config
 104              		.syntax unified
 105              		.code	16
 106              		.thumb_func
 107              		.fpu softvfp
 109              	SystemClock_Config:
 110              	.LFB159:
 109:Src/main.c    ****   RCC_OscInitTypeDef RCC_OscInitStruct = {0};
 111              		.loc 1 109 1 is_stmt 1 view -0
 112              		.cfi_startproc
 113              		@ args = 0, pretend = 0, frame = 72
 114              		@ frame_needed = 0, uses_anonymous_args = 0
 115 0000 10B5     		push	{r4, lr}
 116              	.LCFI2:
 117              		.cfi_def_cfa_offset 8
 118              		.cfi_offset 4, -8
 119              		.cfi_offset 14, -4
 120 0002 92B0     		sub	sp, sp, #72
 121              	.LCFI3:
 122              		.cfi_def_cfa_offset 80
 110:Src/main.c    ****   RCC_ClkInitTypeDef RCC_ClkInitStruct = {0};
 123              		.loc 1 110 3 view .LVU21
ARM GAS  /tmp/ccVQ2d0b.s 			page 6


 110:Src/main.c    ****   RCC_ClkInitTypeDef RCC_ClkInitStruct = {0};
 124              		.loc 1 110 22 is_stmt 0 view .LVU22
 125 0004 3422     		movs	r2, #52
 126 0006 0021     		movs	r1, #0
 127 0008 05A8     		add	r0, sp, #20
 128 000a FFF7FEFF 		bl	memset
 129              	.LVL3:
 111:Src/main.c    **** 
 130              		.loc 1 111 3 is_stmt 1 view .LVU23
 111:Src/main.c    **** 
 131              		.loc 1 111 22 is_stmt 0 view .LVU24
 132 000e 1022     		movs	r2, #16
 133 0010 0021     		movs	r1, #0
 134 0012 01A8     		add	r0, sp, #4
 135 0014 FFF7FEFF 		bl	memset
 136              	.LVL4:
 115:Src/main.c    ****   /** Initializes the CPU, AHB and APB busses clocks 
 137              		.loc 1 115 3 is_stmt 1 view .LVU25
 138 0018 8020     		movs	r0, #128
 139 001a 8000     		lsls	r0, r0, #2
 140 001c FFF7FEFF 		bl	HAL_PWREx_ControlVoltageScaling
 141              	.LVL5:
 118:Src/main.c    ****   RCC_OscInitStruct.HSIState = RCC_HSI_ON;
 142              		.loc 1 118 3 view .LVU26
 118:Src/main.c    ****   RCC_OscInitStruct.HSIState = RCC_HSI_ON;
 143              		.loc 1 118 36 is_stmt 0 view .LVU27
 144 0020 0223     		movs	r3, #2
 145 0022 0593     		str	r3, [sp, #20]
 119:Src/main.c    ****   RCC_OscInitStruct.HSIDiv = RCC_HSI_DIV1;
 146              		.loc 1 119 3 is_stmt 1 view .LVU28
 119:Src/main.c    ****   RCC_OscInitStruct.HSIDiv = RCC_HSI_DIV1;
 147              		.loc 1 119 30 is_stmt 0 view .LVU29
 148 0024 FE33     		adds	r3, r3, #254
 149 0026 0893     		str	r3, [sp, #32]
 120:Src/main.c    ****   RCC_OscInitStruct.HSICalibrationValue = RCC_HSICALIBRATION_DEFAULT;
 150              		.loc 1 120 3 is_stmt 1 view .LVU30
 120:Src/main.c    ****   RCC_OscInitStruct.HSICalibrationValue = RCC_HSICALIBRATION_DEFAULT;
 151              		.loc 1 120 28 is_stmt 0 view .LVU31
 152 0028 0024     		movs	r4, #0
 153 002a 0994     		str	r4, [sp, #36]
 121:Src/main.c    ****   RCC_OscInitStruct.PLL.PLLState = RCC_PLL_NONE;
 154              		.loc 1 121 3 is_stmt 1 view .LVU32
 121:Src/main.c    ****   RCC_OscInitStruct.PLL.PLLState = RCC_PLL_NONE;
 155              		.loc 1 121 41 is_stmt 0 view .LVU33
 156 002c C03B     		subs	r3, r3, #192
 157 002e 0A93     		str	r3, [sp, #40]
 122:Src/main.c    ****   if (HAL_RCC_OscConfig(&RCC_OscInitStruct) != HAL_OK)
 158              		.loc 1 122 3 is_stmt 1 view .LVU34
 122:Src/main.c    ****   if (HAL_RCC_OscConfig(&RCC_OscInitStruct) != HAL_OK)
 159              		.loc 1 122 34 is_stmt 0 view .LVU35
 160 0030 0C94     		str	r4, [sp, #48]
 123:Src/main.c    ****   {
 161              		.loc 1 123 3 is_stmt 1 view .LVU36
 123:Src/main.c    ****   {
 162              		.loc 1 123 7 is_stmt 0 view .LVU37
 163 0032 05A8     		add	r0, sp, #20
 164 0034 FFF7FEFF 		bl	HAL_RCC_OscConfig
ARM GAS  /tmp/ccVQ2d0b.s 			page 7


 165              	.LVL6:
 129:Src/main.c    ****                               |RCC_CLOCKTYPE_PCLK1;
 166              		.loc 1 129 3 is_stmt 1 view .LVU38
 129:Src/main.c    ****                               |RCC_CLOCKTYPE_PCLK1;
 167              		.loc 1 129 31 is_stmt 0 view .LVU39
 168 0038 0723     		movs	r3, #7
 169 003a 0193     		str	r3, [sp, #4]
 131:Src/main.c    ****   RCC_ClkInitStruct.AHBCLKDivider = RCC_SYSCLK_DIV1;
 170              		.loc 1 131 3 is_stmt 1 view .LVU40
 131:Src/main.c    ****   RCC_ClkInitStruct.AHBCLKDivider = RCC_SYSCLK_DIV1;
 171              		.loc 1 131 34 is_stmt 0 view .LVU41
 172 003c 0294     		str	r4, [sp, #8]
 132:Src/main.c    ****   RCC_ClkInitStruct.APB1CLKDivider = RCC_HCLK_DIV1;
 173              		.loc 1 132 3 is_stmt 1 view .LVU42
 132:Src/main.c    ****   RCC_ClkInitStruct.APB1CLKDivider = RCC_HCLK_DIV1;
 174              		.loc 1 132 35 is_stmt 0 view .LVU43
 175 003e 0394     		str	r4, [sp, #12]
 133:Src/main.c    **** 
 176              		.loc 1 133 3 is_stmt 1 view .LVU44
 133:Src/main.c    **** 
 177              		.loc 1 133 36 is_stmt 0 view .LVU45
 178 0040 0494     		str	r4, [sp, #16]
 135:Src/main.c    ****   {
 179              		.loc 1 135 3 is_stmt 1 view .LVU46
 135:Src/main.c    ****   {
 180              		.loc 1 135 7 is_stmt 0 view .LVU47
 181 0042 0021     		movs	r1, #0
 182 0044 01A8     		add	r0, sp, #4
 183 0046 FFF7FEFF 		bl	HAL_RCC_ClockConfig
 184              	.LVL7:
 139:Src/main.c    **** 
 185              		.loc 1 139 1 view .LVU48
 186 004a 12B0     		add	sp, sp, #72
 187              		@ sp needed
 188 004c 10BD     		pop	{r4, pc}
 189              		.cfi_endproc
 190              	.LFE159:
 192              		.section	.text.main,"ax",%progbits
 193              		.align	1
 194              		.global	main
 195              		.syntax unified
 196              		.code	16
 197              		.thumb_func
 198              		.fpu softvfp
 200              	main:
 201              	.LFB158:
  66:Src/main.c    ****   /* USER CODE BEGIN 1 */
 202              		.loc 1 66 1 is_stmt 1 view -0
 203              		.cfi_startproc
 204              		@ Volatile: function does not return.
 205              		@ args = 0, pretend = 0, frame = 0
 206              		@ frame_needed = 0, uses_anonymous_args = 0
 207 0000 10B5     		push	{r4, lr}
 208              	.LCFI4:
 209              		.cfi_def_cfa_offset 8
 210              		.cfi_offset 4, -8
 211              		.cfi_offset 14, -4
ARM GAS  /tmp/ccVQ2d0b.s 			page 8


  74:Src/main.c    **** 
 212              		.loc 1 74 3 view .LVU50
 213 0002 FFF7FEFF 		bl	HAL_Init
 214              	.LVL8:
  81:Src/main.c    **** 
 215              		.loc 1 81 3 view .LVU51
 216 0006 FFF7FEFF 		bl	SystemClock_Config
 217              	.LVL9:
  88:Src/main.c    ****   /* USER CODE BEGIN 2 */
 218              		.loc 1 88 3 view .LVU52
 219 000a FFF7FEFF 		bl	MX_GPIO_Init
 220              	.LVL10:
 221              	.L6:
  95:Src/main.c    ****   {
 222              		.loc 1 95 3 discriminator 1 view .LVU53
 100:Src/main.c    ****   /* USER CODE END 3 */
 223              		.loc 1 100 3 discriminator 1 view .LVU54
  95:Src/main.c    ****   {
 224              		.loc 1 95 9 discriminator 1 view .LVU55
 225 000e FEE7     		b	.L6
 226              		.cfi_endproc
 227              	.LFE158:
 229              		.section	.text.Error_Handler,"ax",%progbits
 230              		.align	1
 231              		.global	Error_Handler
 232              		.syntax unified
 233              		.code	16
 234              		.thumb_func
 235              		.fpu softvfp
 237              	Error_Handler:
 238              	.LFB161:
 164:Src/main.c    **** 
 165:Src/main.c    **** /* USER CODE BEGIN 4 */
 166:Src/main.c    **** 
 167:Src/main.c    **** /* USER CODE END 4 */
 168:Src/main.c    **** 
 169:Src/main.c    **** /**
 170:Src/main.c    ****   * @brief  This function is executed in case of error occurrence.
 171:Src/main.c    ****   * @retval None
 172:Src/main.c    ****   */
 173:Src/main.c    **** void Error_Handler(void)
 174:Src/main.c    **** {
 239              		.loc 1 174 1 view -0
 240              		.cfi_startproc
 241              		@ args = 0, pretend = 0, frame = 0
 242              		@ frame_needed = 0, uses_anonymous_args = 0
 243              		@ link register save eliminated.
 175:Src/main.c    ****   /* USER CODE BEGIN Error_Handler_Debug */
 176:Src/main.c    ****   /* User can add his own implementation to report the HAL error return state */
 177:Src/main.c    **** 
 178:Src/main.c    ****   /* USER CODE END Error_Handler_Debug */
 179:Src/main.c    **** }
 244              		.loc 1 179 1 view .LVU57
 245              		@ sp needed
 246 0000 7047     		bx	lr
 247              		.cfi_endproc
 248              	.LFE161:
ARM GAS  /tmp/ccVQ2d0b.s 			page 9


 250              		.text
 251              	.Letext0:
 252              		.file 2 "/usr/lib/gcc/arm-none-eabi/9.2.1/include/stdint.h"
 253              		.file 3 "Drivers/CMSIS/Device/ST/STM32G0xx/Include/system_stm32g0xx.h"
 254              		.file 4 "Drivers/CMSIS/Device/ST/STM32G0xx/Include/stm32g030xx.h"
 255              		.file 5 "Drivers/STM32G0xx_HAL_Driver/Inc/stm32g0xx_hal_def.h"
 256              		.file 6 "Drivers/STM32G0xx_HAL_Driver/Inc/stm32g0xx_hal_rcc.h"
 257              		.file 7 "Drivers/STM32G0xx_HAL_Driver/Inc/stm32g0xx_hal_gpio.h"
 258              		.file 8 "Drivers/STM32G0xx_HAL_Driver/Inc/stm32g0xx_hal_flash.h"
 259              		.file 9 "Drivers/STM32G0xx_HAL_Driver/Inc/stm32g0xx_hal.h"
 260              		.file 10 "Drivers/STM32G0xx_HAL_Driver/Inc/stm32g0xx_hal_pwr_ex.h"
 261              		.file 11 "<built-in>"
ARM GAS  /tmp/ccVQ2d0b.s 			page 10


DEFINED SYMBOLS
                            *ABS*:0000000000000000 main.c
     /tmp/ccVQ2d0b.s:16     .text.MX_GPIO_Init:0000000000000000 $t
     /tmp/ccVQ2d0b.s:23     .text.MX_GPIO_Init:0000000000000000 MX_GPIO_Init
     /tmp/ccVQ2d0b.s:97     .text.MX_GPIO_Init:0000000000000048 $d
     /tmp/ccVQ2d0b.s:102    .text.SystemClock_Config:0000000000000000 $t
     /tmp/ccVQ2d0b.s:109    .text.SystemClock_Config:0000000000000000 SystemClock_Config
     /tmp/ccVQ2d0b.s:193    .text.main:0000000000000000 $t
     /tmp/ccVQ2d0b.s:200    .text.main:0000000000000000 main
     /tmp/ccVQ2d0b.s:230    .text.Error_Handler:0000000000000000 $t
     /tmp/ccVQ2d0b.s:237    .text.Error_Handler:0000000000000000 Error_Handler

UNDEFINED SYMBOLS
memset
HAL_GPIO_WritePin
HAL_GPIO_Init
HAL_PWREx_ControlVoltageScaling
HAL_RCC_OscConfig
HAL_RCC_ClockConfig
HAL_Init
